#
# There is insufficient memory for the Java Runtime Environment to continue.
# Native memory allocation (malloc) failed to allocate 1101072 bytes for Chunk::new
# Possible reasons:
#   The system is out of physical RAM or swap space
#   The process is running with CompressedOops enabled, and the Java Heap may be blocking the growth of the native heap
# Possible solutions:
#   Reduce memory load on the system
#   Increase physical memory or swap space
#   Check if swap backing store is full
#   Decrease Java heap size (-Xmx/-Xms)
#   Decrease number of Java threads
#   Decrease Java thread stack sizes (-Xss)
#   Set larger code cache with -XX:ReservedCodeCacheSize=
#   JVM is running with Unscaled Compressed Oops mode in which the Java heap is
#     placed in the first 4GB address space. The Java Heap base address is the
#     maximum limit for the native heap growth. Please use -XX:HeapBaseMinAddress
#     to set the Java Heap base and to place the Java Heap above 4GB virtual address.
# This output file may be truncated or incomplete.
#
#  Out of Memory Error (arena.cpp:189), pid=6248, tid=8764
#
# JRE version: OpenJDK Runtime Environment Temurin-17.0.8.1+1 (17.0.8.1+1) (build 17.0.8.1+1)
# Java VM: OpenJDK 64-Bit Server VM Temurin-17.0.8.1+1 (17.0.8.1+1, mixed mode, tiered, compressed oops, compressed class ptrs, parallel gc, windows-amd64)
# No core dump will be written. Minidumps are not enabled by default on client versions of Windows
#

---------------  S U M M A R Y ------------

Command Line: --add-modules=ALL-SYSTEM --add-opens=java.base/java.util=ALL-UNNAMED --add-opens=java.base/java.lang=ALL-UNNAMED --add-opens=java.base/sun.nio.fs=ALL-UNNAMED -Declipse.application=org.eclipse.jdt.ls.core.id1 -Dosgi.bundles.defaultStartLevel=4 -Declipse.product=org.eclipse.jdt.ls.core.product -Djava.import.generatesMetadataFilesAtProjectRoot=false -Dfile.encoding=utf8 -XX:+UseParallelGC -XX:GCTimeRatio=4 -XX:AdaptiveSizePolicyWeight=90 -Dsun.zip.disableMemoryMapping=true -Xmx1G -Xms100m -Xlog:disable -javaagent:c:\Users\prabh\.vscode\extensions\redhat.java-1.22.1-win32-x64\lombok\lombok-1.18.28.jar c:\Users\prabh\.vscode\extensions\redhat.java-1.22.1-win32-x64\server\plugins\org.eclipse.equinox.launcher_1.6.500.v20230717-2134.jar -configuration c:\Users\prabh\AppData\Roaming\Code\User\globalStorage\redhat.java\1.22.1\config_ss_win -data c:\Users\prabh\AppData\Roaming\Code\User\workspaceStorage\260b694d591be46f2fb4096f282b6f32\redhat.java\ss_ws

Host: AMD Ryzen 5 3550H with Radeon Vega Mobile Gfx  , 8 cores, 5G,  Windows 11 , 64 bit Build 22621 (10.0.22621.2070)
Time: Mon Sep 25 11:46:15 2023 India Standard Time elapsed time: 7.829762 seconds (0d 0h 0m 7s)

---------------  T H R E A D  ---------------

Current thread (0x0000020c5fb197e0):  JavaThread "C2 CompilerThread0" daemon [_thread_in_native, id=8764, stack(0x00000085af400000,0x00000085af500000)]


Current CompileTask:
C2:   7830 1844       4       org.apache.felix.resolver.ResolverImpl::mergeUses (495 bytes)

Stack: [0x00000085af400000,0x00000085af500000]
Native frames: (J=compiled Java code, j=interpreted, Vv=VM code, C=native code)
V  [jvm.dll+0x678b0a]
V  [jvm.dll+0x835e84]
V  [jvm.dll+0x83762e]
V  [jvm.dll+0x837c93]
V  [jvm.dll+0x24746f]
V  [jvm.dll+0xac20c]
V  [jvm.dll+0xac7dc]
V  [jvm.dll+0x365ca7]
V  [jvm.dll+0x1bce92]
V  [jvm.dll+0x219d49]
V  [jvm.dll+0x219011]
V  [jvm.dll+0x1a534d]
V  [jvm.dll+0x228d8a]
V  [jvm.dll+0x226dcc]
V  [jvm.dll+0x7ec09b]
V  [jvm.dll+0x7e64ca]
V  [jvm.dll+0x677955]
C  [ucrtbase.dll+0x29363]
C  [KERNEL32.DLL+0x126ad]
C  [ntdll.dll+0x5aa68]


---------------  P R O C E S S  ---------------

Threads class SMR info:
_java_thread_list=0x0000020c62a61710, length=27, elements={
0x0000020c46c0a4d0, 0x0000020c46cbbf30, 0x0000020c46cbe6c0, 0x0000020c5aa7d220,
0x0000020c5aa7dcf0, 0x0000020c5aa7e8b0, 0x0000020c5fb0f500, 0x0000020c5fb197e0,
0x0000020c5fb1aa30, 0x0000020c5fb1c350, 0x0000020c46c6d460, 0x0000020c5fe44f40,
0x0000020c6177baf0, 0x0000020c6177a9c0, 0x0000020c612df760, 0x0000020c612dfc40,
0x0000020c60ffb5e0, 0x0000020c6171efa0, 0x0000020c6171f4b0, 0x0000020c6171f9c0,
0x0000020c6171fed0, 0x0000020c6171e070, 0x0000020c61720e00, 0x0000020c617208f0,
0x0000020c6171e580, 0x0000020c6171ea90, 0x0000020c62e63010
}

Java Threads: ( => current thread )
  0x0000020c46c0a4d0 JavaThread "main" [_thread_blocked, id=22072, stack(0x00000085aeb00000,0x00000085aec00000)]
  0x0000020c46cbbf30 JavaThread "Reference Handler" daemon [_thread_blocked, id=12920, stack(0x00000085aee00000,0x00000085aef00000)]
  0x0000020c46cbe6c0 JavaThread "Finalizer" daemon [_thread_blocked, id=24268, stack(0x00000085aef00000,0x00000085af000000)]
  0x0000020c5aa7d220 JavaThread "Signal Dispatcher" daemon [_thread_blocked, id=25432, stack(0x00000085af000000,0x00000085af100000)]
  0x0000020c5aa7dcf0 JavaThread "Attach Listener" daemon [_thread_blocked, id=17972, stack(0x00000085af100000,0x00000085af200000)]
  0x0000020c5aa7e8b0 JavaThread "Service Thread" daemon [_thread_blocked, id=15116, stack(0x00000085af200000,0x00000085af300000)]
  0x0000020c5fb0f500 JavaThread "Monitor Deflation Thread" daemon [_thread_blocked, id=25184, stack(0x00000085af300000,0x00000085af400000)]
=>0x0000020c5fb197e0 JavaThread "C2 CompilerThread0" daemon [_thread_in_native, id=8764, stack(0x00000085af400000,0x00000085af500000)]
  0x0000020c5fb1aa30 JavaThread "C1 CompilerThread0" daemon [_thread_blocked, id=10116, stack(0x00000085af500000,0x00000085af600000)]
  0x0000020c5fb1c350 JavaThread "Sweeper thread" daemon [_thread_blocked, id=13428, stack(0x00000085af600000,0x00000085af700000)]
  0x0000020c46c6d460 JavaThread "Common-Cleaner" daemon [_thread_blocked, id=10524, stack(0x00000085af700000,0x00000085af800000)]
  0x0000020c5fe44f40 JavaThread "Notification Thread" daemon [_thread_blocked, id=3712, stack(0x00000085af800000,0x00000085af900000)]
  0x0000020c6177baf0 JavaThread "Equinox resolver thread - Equinox Container: 5c29f4ba-d0ba-44d8-a388-5ef4a9aad67a" daemon [_thread_blocked, id=19884, stack(0x00000085afb00000,0x00000085afc00000)]
  0x0000020c6177a9c0 JavaThread "Equinox resolver thread - Equinox Container: 5c29f4ba-d0ba-44d8-a388-5ef4a9aad67a" daemon [_thread_blocked, id=16568, stack(0x00000085b0200000,0x00000085b0300000)]
  0x0000020c612df760 JavaThread "Equinox resolver thread - Equinox Container: 5c29f4ba-d0ba-44d8-a388-5ef4a9aad67a" daemon [_thread_blocked, id=23324, stack(0x00000085b0300000,0x00000085b0400000)]
  0x0000020c612dfc40 JavaThread "Equinox resolver thread - Equinox Container: 5c29f4ba-d0ba-44d8-a388-5ef4a9aad67a" daemon [_thread_blocked, id=20980, stack(0x00000085b0400000,0x00000085b0500000)]
  0x0000020c60ffb5e0 JavaThread "Equinox resolver thread - Equinox Container: 5c29f4ba-d0ba-44d8-a388-5ef4a9aad67a" daemon [_thread_blocked, id=21932, stack(0x00000085b0500000,0x00000085b0600000)]
  0x0000020c6171efa0 JavaThread "Equinox resolver thread - Equinox Container: 5c29f4ba-d0ba-44d8-a388-5ef4a9aad67a" daemon [_thread_blocked, id=18020, stack(0x00000085b0600000,0x00000085b0700000)]
  0x0000020c6171f4b0 JavaThread "Active Thread: Equinox Container: 5c29f4ba-d0ba-44d8-a388-5ef4a9aad67a" [_thread_blocked, id=1784, stack(0x00000085b0700000,0x00000085b0800000)]
  0x0000020c6171f9c0 JavaThread "Framework Event Dispatcher: Equinox Container: 5c29f4ba-d0ba-44d8-a388-5ef4a9aad67a" daemon [_thread_blocked, id=17284, stack(0x00000085afa00000,0x00000085afb00000)]
  0x0000020c6171fed0 JavaThread "Start Level: Equinox Container: 5c29f4ba-d0ba-44d8-a388-5ef4a9aad67a" daemon [_thread_in_Java, id=23396, stack(0x00000085b0800000,0x00000085b0900000)]
  0x0000020c6171e070 JavaThread "Refresh Thread: Equinox Container: 5c29f4ba-d0ba-44d8-a388-5ef4a9aad67a" daemon [_thread_blocked, id=20044, stack(0x00000085b0b00000,0x00000085b0c00000)]
  0x0000020c61720e00 JavaThread "Equinox resolver thread - Equinox Container: 5c29f4ba-d0ba-44d8-a388-5ef4a9aad67a" daemon [_thread_blocked, id=752, stack(0x00000085b0c00000,0x00000085b0d00000)]
  0x0000020c617208f0 JavaThread "Equinox resolver thread - Equinox Container: 5c29f4ba-d0ba-44d8-a388-5ef4a9aad67a" daemon [_thread_blocked, id=13944, stack(0x00000085b0d00000,0x00000085b0e00000)]
  0x0000020c6171e580 JavaThread "SCR Component Actor" daemon [_thread_blocked, id=24228, stack(0x00000085b0f00000,0x00000085b1000000)]
  0x0000020c6171ea90 JavaThread "SCR Component Registry" daemon [_thread_blocked, id=22236, stack(0x00000085b0900000,0x00000085b0a00000)]
  0x0000020c62e63010 JavaThread "C2 CompilerThread1" daemon [_thread_blocked, id=11768, stack(0x00000085b0e00000,0x00000085b0f00000)]

Other Threads:
  0x0000020c46c93a80 VMThread "VM Thread" [stack: 0x00000085aed00000,0x00000085aee00000] [id=24520]
  0x0000020c5fdb75f0 WatcherThread [stack: 0x00000085af900000,0x00000085afa00000] [id=18172]
  0x0000020c46c1f8b0 GCTaskThread "GC Thread#0" [stack: 0x00000085aec00000,0x00000085aed00000] [id=8968]
  0x0000020c612dd920 GCTaskThread "GC Thread#1" [stack: 0x00000085afc00000,0x00000085afd00000] [id=14008]
  0x0000020c612dc320 GCTaskThread "GC Thread#2" [stack: 0x00000085afd00000,0x00000085afe00000] [id=15944]
  0x0000020c612dc8a0 GCTaskThread "GC Thread#3" [stack: 0x00000085afe00000,0x00000085aff00000] [id=13980]
  0x0000020c612dcb60 GCTaskThread "GC Thread#4" [stack: 0x00000085aff00000,0x00000085b0000000] [id=9436]
  0x0000020c612dd3a0 GCTaskThread "GC Thread#5" [stack: 0x00000085b0000000,0x00000085b0100000] [id=9704]
  0x0000020c612dce20 GCTaskThread "GC Thread#6" [stack: 0x00000085b0100000,0x00000085b0200000] [id=25244]
  0x0000020c612dd660 GCTaskThread "GC Thread#7" [stack: 0x00000085b0a00000,0x00000085b0b00000] [id=21068]

Threads with active compile tasks:
C2 CompilerThread0     7872 1844       4       org.apache.felix.resolver.ResolverImpl::mergeUses (495 bytes)
C1 CompilerThread0     7872 2128       3       jdk.xml.internal.SecuritySupport::getSystemProperty (13 bytes)

VM state: not at safepoint (normal execution)

VM Mutex/Monitor currently owned by a thread:  ([mutex/lock_event])
[0x0000020c46c07760] MethodCompileQueue_lock - owner thread: 0x0000000000000000

Heap address: 0x00000000c0000000, size: 1024 MB, Compressed Oops mode: 32-bit

CDS archive(s) not mapped
Compressed class space mapped at: 0x0000000100000000-0x0000000140000000, reserved size: 1073741824
Narrow klass base: 0x0000000000000000, Narrow klass shift: 3, Narrow klass range: 0x140000000

GC Precious Log:
 CPUs: 8 total, 8 available
 Memory: 6081M
 Large Page Support: Disabled
 NUMA Support: Disabled
 Compressed Oops: Enabled (32-bit)
 Alignments: Space 512K, Generation 512K, Heap 2M
 Heap Min Capacity: 100M
 Heap Initial Capacity: 100M
 Heap Max Capacity: 1G
 Pre-touch: Disabled
 Parallel Workers: 8

Heap:
 PSYoungGen      total 29696K, used 9465K [0x00000000eab00000, 0x00000000ecc00000, 0x0000000100000000)
  eden space 25600K, 21% used [0x00000000eab00000,0x00000000eb044338,0x00000000ec400000)
  from space 4096K, 99% used [0x00000000ec400000,0x00000000ec7fa318,0x00000000ec800000)
  to   space 4096K, 0% used [0x00000000ec800000,0x00000000ec800000,0x00000000ecc00000)
 ParOldGen       total 68608K, used 2834K [0x00000000c0000000, 0x00000000c4300000, 0x00000000eab00000)
  object space 68608K, 4% used [0x00000000c0000000,0x00000000c02c4b78,0x00000000c4300000)
 Metaspace       used 17652K, committed 17920K, reserved 1114112K
  class space    used 1814K, committed 1984K, reserved 1048576K

Card table byte_map: [0x0000020c465a0000,0x0000020c467b0000] _byte_map_base: 0x0000020c45fa0000

Marking Bits: (ParMarkBitMap*) 0x00007ffde17283a0
 Begin Bits: [0x0000020c58880000, 0x0000020c59880000)
 End Bits:   [0x0000020c59880000, 0x0000020c5a880000)

Polling page: 0x0000020c44bc0000

Metaspace:

Usage:
  Non-class:     15.47 MB used.
      Class:      1.77 MB used.
       Both:     17.24 MB used.

Virtual space:
  Non-class space:       64.00 MB reserved,      15.56 MB ( 24%) committed,  1 nodes.
      Class space:        1.00 GB reserved,       1.94 MB ( <1%) committed,  1 nodes.
             Both:        1.06 GB reserved,      17.50 MB (  2%) committed. 

Chunk freelists:
   Non-Class:  64.00 KB
       Class:  13.92 MB
        Both:  13.98 MB

MaxMetaspaceSize: unlimited
CompressedClassSpaceSize: 1.00 GB
Initial GC threshold: 21.00 MB
Current GC threshold: 21.00 MB
CDS: off
MetaspaceReclaimPolicy: balanced
 - commit_granule_bytes: 65536.
 - commit_granule_words: 8192.
 - virtual_space_node_default_size: 8388608.
 - enlarge_chunks_in_place: 1.
 - new_chunks_are_fully_committed: 0.
 - uncommit_free_chunks: 1.
 - use_allocation_guard: 0.
 - handle_deallocations: 1.


Internal statistics:

num_allocs_failed_limit: 0.
num_arena_births: 114.
num_arena_deaths: 0.
num_vsnodes_births: 2.
num_vsnodes_deaths: 0.
num_space_committed: 280.
num_space_uncommitted: 0.
num_chunks_returned_to_freelist: 0.
num_chunks_taken_from_freelist: 418.
num_chunk_merges: 0.
num_chunk_splits: 279.
num_chunks_enlarged: 205.
num_inconsistent_stats: 0.

CodeHeap 'non-profiled nmethods': size=120000Kb used=827Kb max_used=827Kb free=119172Kb
 bounds [0x0000020c51350000, 0x0000020c515c0000, 0x0000020c58880000]
CodeHeap 'profiled nmethods': size=120000Kb used=4163Kb max_used=4163Kb free=115836Kb
 bounds [0x0000020c49880000, 0x0000020c49ca0000, 0x0000020c50db0000]
CodeHeap 'non-nmethods': size=5760Kb used=1174Kb max_used=1189Kb free=4585Kb
 bounds [0x0000020c50db0000, 0x0000020c51020000, 0x0000020c51350000]
 total_blobs=2598 nmethods=2128 adapters=384
 compilation: enabled
              stopped_count=0, restarted_count=0
 full_count=0

Compilation events (20 events):
Event: 7.814 Thread 0x0000020c5fb1aa30 2100       1       java.lang.reflect.Field::getName (5 bytes)
Event: 7.814 Thread 0x0000020c5fb1aa30 nmethod 2100 0x0000020c5141b710 code [0x0000020c5141b8a0, 0x0000020c5141b978]
Event: 7.817 Thread 0x0000020c5fb1aa30 2101       3       java.lang.reflect.AccessibleObject::<init> (5 bytes)
Event: 7.817 Thread 0x0000020c5fb1aa30 nmethod 2101 0x0000020c49c88590 code [0x0000020c49c88720, 0x0000020c49c88878]
Event: 7.819 Thread 0x0000020c5fb1aa30 2102       1       java.lang.reflect.Field::getType (5 bytes)
Event: 7.819 Thread 0x0000020c5fb1aa30 nmethod 2102 0x0000020c5141ba10 code [0x0000020c5141bba0, 0x0000020c5141bc78]
Event: 7.819 Thread 0x0000020c5fb1aa30 2103       3       java.lang.String::<init> (10 bytes)
Event: 7.819 Thread 0x0000020c5fb1aa30 nmethod 2103 0x0000020c49c88910 code [0x0000020c49c88ac0, 0x0000020c49c88c08]
Event: 7.820 Thread 0x0000020c62e63010 nmethod 2034% 0x0000020c5141bd10 code [0x0000020c5141be80, 0x0000020c5141c058]
Event: 7.820 Thread 0x0000020c62e63010 1977       4       java.util.concurrent.ConcurrentHashMap::addCount (279 bytes)
Event: 7.821 Thread 0x0000020c5fb1aa30 2104       3       java.lang.ref.SoftReference::<init> (13 bytes)
Event: 7.821 Thread 0x0000020c5fb1aa30 nmethod 2104 0x0000020c49c88d10 code [0x0000020c49c88ec0, 0x0000020c49c89158]
Event: 7.822 Thread 0x0000020c5fb1aa30 2105       3       java.lang.Long::stringSize (55 bytes)
Event: 7.822 Thread 0x0000020c5fb1aa30 nmethod 2105 0x0000020c49c89290 code [0x0000020c49c89440, 0x0000020c49c896d8]
Event: 7.822 Thread 0x0000020c5fb1aa30 2106       3       java.lang.Long::getChars (208 bytes)
Event: 7.823 Thread 0x0000020c5fb1aa30 nmethod 2106 0x0000020c49c89790 code [0x0000020c49c89980, 0x0000020c49c89f98]
Event: 7.823 Thread 0x0000020c5fb1aa30 2107       3       java.util.concurrent.locks.ReentrantLock::getHoldCount (8 bytes)
Event: 7.824 Thread 0x0000020c5fb1aa30 nmethod 2107 0x0000020c49c8a310 code [0x0000020c49c8a4c0, 0x0000020c49c8a7b8]
Event: 7.824 Thread 0x0000020c5fb1aa30 2108       3       java.util.concurrent.locks.ReentrantLock$Sync::getHoldCount (16 bytes)
Event: 7.824 Thread 0x0000020c5fb1aa30 nmethod 2108 0x0000020c49c8a910 code [0x0000020c49c8aac0, 0x0000020c49c8ad58]

GC Heap History (6 events):
Event: 1.896 GC heap before
{Heap before GC invocations=1 (full 0):
 PSYoungGen      total 29696K, used 25600K [0x00000000eab00000, 0x00000000ecc00000, 0x0000000100000000)
  eden space 25600K, 100% used [0x00000000eab00000,0x00000000ec400000,0x00000000ec400000)
  from space 4096K, 0% used [0x00000000ec800000,0x00000000ec800000,0x00000000ecc00000)
  to   space 4096K, 0% used [0x00000000ec400000,0x00000000ec400000,0x00000000ec800000)
 ParOldGen       total 68608K, used 0K [0x00000000c0000000, 0x00000000c4300000, 0x00000000eab00000)
  object space 68608K, 0% used [0x00000000c0000000,0x00000000c0000000,0x00000000c4300000)
 Metaspace       used 11289K, committed 11456K, reserved 1114112K
  class space    used 1136K, committed 1216K, reserved 1048576K
}
Event: 1.908 GC heap after
{Heap after GC invocations=1 (full 0):
 PSYoungGen      total 29696K, used 3177K [0x00000000eab00000, 0x00000000ecc00000, 0x0000000100000000)
  eden space 25600K, 0% used [0x00000000eab00000,0x00000000eab00000,0x00000000ec400000)
  from space 4096K, 77% used [0x00000000ec400000,0x00000000ec71a490,0x00000000ec800000)
  to   space 4096K, 0% used [0x00000000ec800000,0x00000000ec800000,0x00000000ecc00000)
 ParOldGen       total 68608K, used 16K [0x00000000c0000000, 0x00000000c4300000, 0x00000000eab00000)
  object space 68608K, 0% used [0x00000000c0000000,0x00000000c0004000,0x00000000c4300000)
 Metaspace       used 11289K, committed 11456K, reserved 1114112K
  class space    used 1136K, committed 1216K, reserved 1048576K
}
Event: 6.811 GC heap before
{Heap before GC invocations=2 (full 0):
 PSYoungGen      total 29696K, used 28777K [0x00000000eab00000, 0x00000000ecc00000, 0x0000000100000000)
  eden space 25600K, 100% used [0x00000000eab00000,0x00000000ec400000,0x00000000ec400000)
  from space 4096K, 77% used [0x00000000ec400000,0x00000000ec71a490,0x00000000ec800000)
  to   space 4096K, 0% used [0x00000000ec800000,0x00000000ec800000,0x00000000ecc00000)
 ParOldGen       total 68608K, used 16K [0x00000000c0000000, 0x00000000c4300000, 0x00000000eab00000)
  object space 68608K, 0% used [0x00000000c0000000,0x00000000c0004000,0x00000000c4300000)
 Metaspace       used 14176K, committed 14336K, reserved 1114112K
  class space    used 1418K, committed 1472K, reserved 1048576K
}
Event: 6.816 GC heap after
{Heap after GC invocations=2 (full 0):
 PSYoungGen      total 29696K, used 4071K [0x00000000eab00000, 0x00000000ecc00000, 0x0000000100000000)
  eden space 25600K, 0% used [0x00000000eab00000,0x00000000eab00000,0x00000000ec400000)
  from space 4096K, 99% used [0x00000000ec800000,0x00000000ecbf9ce8,0x00000000ecc00000)
  to   space 4096K, 0% used [0x00000000ec400000,0x00000000ec400000,0x00000000ec800000)
 ParOldGen       total 68608K, used 854K [0x00000000c0000000, 0x00000000c4300000, 0x00000000eab00000)
  object space 68608K, 1% used [0x00000000c0000000,0x00000000c00d5b70,0x00000000c4300000)
 Metaspace       used 14176K, committed 14336K, reserved 1114112K
  class space    used 1418K, committed 1472K, reserved 1048576K
}
Event: 7.654 GC heap before
{Heap before GC invocations=3 (full 0):
 PSYoungGen      total 29696K, used 29671K [0x00000000eab00000, 0x00000000ecc00000, 0x0000000100000000)
  eden space 25600K, 100% used [0x00000000eab00000,0x00000000ec400000,0x00000000ec400000)
  from space 4096K, 99% used [0x00000000ec800000,0x00000000ecbf9ce8,0x00000000ecc00000)
  to   space 4096K, 0% used [0x00000000ec400000,0x00000000ec400000,0x00000000ec800000)
 ParOldGen       total 68608K, used 854K [0x00000000c0000000, 0x00000000c4300000, 0x00000000eab00000)
  object space 68608K, 1% used [0x00000000c0000000,0x00000000c00d5b70,0x00000000c4300000)
 Metaspace       used 16790K, committed 17024K, reserved 1114112K
  class space    used 1714K, committed 1856K, reserved 1048576K
}
Event: 7.661 GC heap after
{Heap after GC invocations=3 (full 0):
 PSYoungGen      total 29696K, used 4072K [0x00000000eab00000, 0x00000000ecc00000, 0x0000000100000000)
  eden space 25600K, 0% used [0x00000000eab00000,0x00000000eab00000,0x00000000ec400000)
  from space 4096K, 99% used [0x00000000ec400000,0x00000000ec7fa318,0x00000000ec800000)
  to   space 4096K, 0% used [0x00000000ec800000,0x00000000ec800000,0x00000000ecc00000)
 ParOldGen       total 68608K, used 2834K [0x00000000c0000000, 0x00000000c4300000, 0x00000000eab00000)
  object space 68608K, 4% used [0x00000000c0000000,0x00000000c02c4b78,0x00000000c4300000)
 Metaspace       used 16790K, committed 17024K, reserved 1114112K
  class space    used 1714K, committed 1856K, reserved 1048576K
}

Dll operation events (9 events):
Event: 0.221 Loaded shared library c:\Users\prabh\.vscode\extensions\redhat.java-1.22.1-win32-x64\jre\17.0.8.1-win32-x86_64\bin\java.dll
Event: 0.538 Loaded shared library c:\Users\prabh\.vscode\extensions\redhat.java-1.22.1-win32-x64\jre\17.0.8.1-win32-x86_64\bin\zip.dll
Event: 0.543 Loaded shared library C:\Users\prabh\.vscode\extensions\redhat.java-1.22.1-win32-x64\jre\17.0.8.1-win32-x86_64\bin\instrument.dll
Event: 0.615 Loaded shared library C:\Users\prabh\.vscode\extensions\redhat.java-1.22.1-win32-x64\jre\17.0.8.1-win32-x86_64\bin\net.dll
Event: 0.664 Loaded shared library C:\Users\prabh\.vscode\extensions\redhat.java-1.22.1-win32-x64\jre\17.0.8.1-win32-x86_64\bin\nio.dll
Event: 0.672 Loaded shared library C:\Users\prabh\.vscode\extensions\redhat.java-1.22.1-win32-x64\jre\17.0.8.1-win32-x86_64\bin\zip.dll
Event: 0.695 Loaded shared library C:\Users\prabh\.vscode\extensions\redhat.java-1.22.1-win32-x64\jre\17.0.8.1-win32-x86_64\bin\jimage.dll
Event: 0.810 Loaded shared library c:\Users\prabh\.vscode\extensions\redhat.java-1.22.1-win32-x64\jre\17.0.8.1-win32-x86_64\bin\verify.dll
Event: 7.110 Loaded shared library C:\Users\prabh\AppData\Roaming\Code\User\globalStorage\redhat.java\1.22.1\config_ss_win\org.eclipse.equinox.launcher\org.eclipse.equinox.launcher.win32.win32.x86_64_1.2.700.v20221108-1024\eclipse_11801.dll

Deoptimization events (20 events):
Event: 6.825 Thread 0x0000020c46c0a4d0 DEOPT PACKING pc=0x0000020c49b1bf40 sp=0x00000085aebfe0a0
Event: 6.825 Thread 0x0000020c46c0a4d0 DEOPT UNPACKING pc=0x0000020c50e06e43 sp=0x00000085aebfd580 mode 0
Event: 6.966 Thread 0x0000020c6171e070 Uncommon trap: trap_request=0xffffff45 fr.pc=0x0000020c51376d90 relative=0x00000000000002f0
Event: 6.966 Thread 0x0000020c6171e070 Uncommon trap: reason=unstable_if action=reinterpret pc=0x0000020c51376d90 method=java.util.HashMap$HashIterator.<init>(Ljava/util/HashMap;)V @ 45 c2
Event: 6.966 Thread 0x0000020c6171e070 DEOPT PACKING pc=0x0000020c51376d90 sp=0x00000085b0bfebb0
Event: 6.966 Thread 0x0000020c6171e070 DEOPT UNPACKING pc=0x0000020c50e066a3 sp=0x00000085b0bfea80 mode 2
Event: 7.011 Thread 0x0000020c6171e070 Uncommon trap: trap_request=0xffffff45 fr.pc=0x0000020c513f62f8 relative=0x00000000000000d8
Event: 7.011 Thread 0x0000020c6171e070 Uncommon trap: reason=unstable_if action=reinterpret pc=0x0000020c513f62f8 method=org.eclipse.osgi.internal.framework.FilterImpl$Parser.skipWhiteSpace()V @ 39 c2
Event: 7.011 Thread 0x0000020c6171e070 DEOPT PACKING pc=0x0000020c513f62f8 sp=0x00000085b0bfe270
Event: 7.011 Thread 0x0000020c6171e070 DEOPT UNPACKING pc=0x0000020c50e066a3 sp=0x00000085b0bfe210 mode 2
Event: 7.240 Thread 0x0000020c6171e070 DEOPT PACKING pc=0x0000020c49988061 sp=0x00000085b0bfcff0
Event: 7.241 Thread 0x0000020c6171e070 DEOPT UNPACKING pc=0x0000020c50e06e43 sp=0x00000085b0bfc478 mode 0
Event: 7.708 Thread 0x0000020c6171fed0 Uncommon trap: trap_request=0xffffff45 fr.pc=0x0000020c5138811c relative=0x00000000000001dc
Event: 7.708 Thread 0x0000020c6171fed0 Uncommon trap: reason=unstable_if action=reinterpret pc=0x0000020c5138811c method=java.lang.invoke.VarHandle.checkExactAccessMode(Ljava/lang/invoke/VarHandle$AccessDescriptor;)V @ 4 c2
Event: 7.708 Thread 0x0000020c6171fed0 DEOPT PACKING pc=0x0000020c5138811c sp=0x00000085b08fd650
Event: 7.708 Thread 0x0000020c6171fed0 DEOPT UNPACKING pc=0x0000020c50e066a3 sp=0x00000085b08fd5a0 mode 2
Event: 7.732 Thread 0x0000020c6171fed0 Uncommon trap: trap_request=0xffffff45 fr.pc=0x0000020c513d2fac relative=0x00000000000010ec
Event: 7.732 Thread 0x0000020c6171fed0 Uncommon trap: reason=unstable_if action=reinterpret pc=0x0000020c513d2fac method=java.io.WinNTFileSystem.normalize(Ljava/lang/String;II)Ljava/lang/String; @ 100 c2
Event: 7.733 Thread 0x0000020c6171fed0 DEOPT PACKING pc=0x0000020c513d2fac sp=0x00000085b08f8fe0
Event: 7.733 Thread 0x0000020c6171fed0 DEOPT UNPACKING pc=0x0000020c50e066a3 sp=0x00000085b08f8f20 mode 2

Classes unloaded (0 events):
No events

Classes redefined (0 events):
No events

Internal exceptions (20 events):
Event: 1.364 Thread 0x0000020c46c0a4d0 Exception <a 'sun/nio/fs/WindowsException'{0x00000000eb82cc20}> (0x00000000eb82cc20) 
thrown [s\src\hotspot\share\prims\jni.cpp, line 516]
Event: 1.709 Thread 0x0000020c46c0a4d0 Exception <a 'java/lang/ClassNotFoundException'{0x00000000ec037110}: sun/net/www/protocol/c/Handler> (0x00000000ec037110) 
thrown [s\src\hotspot\share\classfile\systemDictionary.cpp, line 256]
Event: 1.710 Thread 0x0000020c46c0a4d0 Exception <a 'java/lang/ClassNotFoundException'{0x00000000ec0384b0}: sun/net/www/protocol/c/Handler> (0x00000000ec0384b0) 
thrown [s\src\hotspot\share\classfile\systemDictionary.cpp, line 256]
Event: 1.710 Thread 0x0000020c46c0a4d0 Exception <a 'java/lang/ClassNotFoundException'{0x00000000ec0396c8}: sun/net/www/protocol/c/Handler> (0x00000000ec0396c8) 
thrown [s\src\hotspot\share\classfile\systemDictionary.cpp, line 256]
Event: 1.719 Thread 0x0000020c46c0a4d0 Exception <a 'java/io/FileNotFoundException'{0x00000000ec058f48}> (0x00000000ec058f48) 
thrown [s\src\hotspot\share\prims\jni.cpp, line 516]
Event: 1.773 Thread 0x0000020c46c0a4d0 Implicit null exception at 0x0000020c513a887b to 0x0000020c513a92a0
Event: 1.773 Thread 0x0000020c46c0a4d0 Implicit null exception at 0x0000020c513a166c to 0x0000020c513a184c
Event: 1.773 Thread 0x0000020c46c0a4d0 Implicit null exception at 0x0000020c513928ec to 0x0000020c51392acc
Event: 1.773 Thread 0x0000020c46c0a4d0 Implicit null exception at 0x0000020c5139170f to 0x0000020c51391785
Event: 1.851 Thread 0x0000020c46c0a4d0 Exception <a 'java/lang/NoSuchMethodError'{0x00000000ec3245a8}: 'int java.lang.invoke.DirectMethodHandle$Holder.invokeStaticInit(java.lang.Object, java.lang.Object, java.lang.Object, java.lang.Object)'> (0x00000000ec3245a8) 
thrown [s\src\hotspot\share\interpreter\linkResolver.cpp, line 759]
Event: 1.853 Thread 0x0000020c46c0a4d0 Exception <a 'java/lang/NoSuchMethodError'{0x00000000ec32ec18}: 'java.lang.Object java.lang.invoke.DirectMethodHandle$Holder.invokeInterface(java.lang.Object, java.lang.Object)'> (0x00000000ec32ec18) 
thrown [s\src\hotspot\share\interpreter\linkResolver.cpp, line 759]
Event: 1.854 Thread 0x0000020c46c0a4d0 Exception <a 'java/lang/IncompatibleClassChangeError'{0x00000000ec332410}: Found class java.lang.Object, but interface was expected> (0x00000000ec332410) 
thrown [s\src\hotspot\share\interpreter\linkResolver.cpp, line 826]
Event: 1.856 Thread 0x0000020c46c0a4d0 Exception <a 'java/lang/NoSuchMethodError'{0x00000000ec336908}: 'void java.lang.invoke.DirectMethodHandle$Holder.invokeStatic(java.lang.Object, java.lang.Object)'> (0x00000000ec336908) 
thrown [s\src\hotspot\share\interpreter\linkResolver.cpp, line 759]
Event: 1.857 Thread 0x0000020c46c0a4d0 Exception <a 'java/lang/NoSuchMethodError'{0x00000000ec33a108}: 'void java.lang.invoke.DirectMethodHandle$Holder.invokeStaticInit(java.lang.Object, java.lang.Object)'> (0x00000000ec33a108) 
thrown [s\src\hotspot\share\interpreter\linkResolver.cpp, line 759]
Event: 1.859 Thread 0x0000020c46c0a4d0 Exception <a 'java/lang/NoSuchMethodError'{0x00000000ec341560}: 'int java.lang.invoke.DirectMethodHandle$Holder.invokeStaticInit(java.lang.Object, java.lang.Object)'> (0x00000000ec341560) 
thrown [s\src\hotspot\share\interpreter\linkResolver.cpp, line 759]
Event: 2.217 Thread 0x0000020c46c0a4d0 Exception <a 'java/lang/NoSuchMethodError'{0x00000000eb4bbf08}: 'int java.lang.invoke.DirectMethodHandle$Holder.invokeSpecial(java.lang.Object, java.lang.Object, java.lang.Object)'> (0x00000000eb4bbf08) 
thrown [s\src\hotspot\share\interpreter\linkResolver.cpp, line 759]
Event: 2.335 Thread 0x0000020c46c0a4d0 Exception <a 'java/lang/NoSuchMethodError'{0x00000000eba9aa18}: 'java.lang.Object java.lang.invoke.DirectMethodHandle$Holder.newInvokeSpecial(java.lang.Object, int, java.lang.Object)'> (0x00000000eba9aa18) 
thrown [s\src\hotspot\share\interpreter\linkResolver.cpp, line 759]
Event: 6.959 Thread 0x0000020c46c0a4d0 Exception <a 'java/lang/UnsatisfiedLinkError'{0x00000000eb1edf08}: 'void org.eclipse.equinox.launcher.JNIBridge._update_splash()'> (0x00000000eb1edf08) 
thrown [s\src\hotspot\share\prims\nativeLookup.cpp, line 543]
Event: 6.969 Thread 0x0000020c6171e070 Exception <a 'java/lang/NoSuchMethodError'{0x00000000eb280d60}: 'java.lang.Object java.lang.invoke.Invokers$Holder.invokeExact_MT(java.lang.Object, java.lang.Object, java.lang.Object, java.lang.Object, java.lang.Object, java.lang.Object)'> (0x00000000eb280d60) 
thrown [s\src\hotspot\share\interpreter\linkResolver.cpp, line 759]
Event: 7.433 Thread 0x0000020c6171fed0 Exception <a 'java/lang/NoSuchMethodError'{0x00000000ebdc45e8}: 'java.lang.Object java.lang.invoke.DirectMethodHandle$Holder.invokeStaticInit(java.lang.Object)'> (0x00000000ebdc45e8) 
thrown [s\src\hotspot\share\interpreter\linkResolver.cpp, line 759]

VM Operations (20 events):
Event: 1.896 Executing VM operation: ParallelGCFailedAllocation
Event: 1.908 Executing VM operation: ParallelGCFailedAllocation done
Event: 2.306 Executing VM operation: HandshakeAllThreads
Event: 2.307 Executing VM operation: HandshakeAllThreads done
Event: 2.307 Executing VM operation: HandshakeAllThreads
Event: 2.308 Executing VM operation: HandshakeAllThreads done
Event: 3.308 Executing VM operation: Cleanup
Event: 3.309 Executing VM operation: Cleanup done
Event: 6.811 Executing VM operation: ParallelGCFailedAllocation
Event: 6.817 Executing VM operation: ParallelGCFailedAllocation done
Event: 6.963 Executing VM operation: HandshakeAllThreads
Event: 6.963 Executing VM operation: HandshakeAllThreads done
Event: 7.035 Executing VM operation: HandshakeAllThreads
Event: 7.035 Executing VM operation: HandshakeAllThreads done
Event: 7.217 Executing VM operation: HandshakeAllThreads
Event: 7.218 Executing VM operation: HandshakeAllThreads done
Event: 7.436 Executing VM operation: ICBufferFull
Event: 7.436 Executing VM operation: ICBufferFull done
Event: 7.654 Executing VM operation: ParallelGCFailedAllocation
Event: 7.661 Executing VM operation: ParallelGCFailedAllocation done

Events (20 events):
Event: 7.804 loading class java/util/PropertyResourceBundle done
Event: 7.805 loading class java/util/ResourceBundle$1
Event: 7.805 loading class jdk/internal/access/JavaUtilResourceBundleAccess
Event: 7.805 loading class jdk/internal/access/JavaUtilResourceBundleAccess done
Event: 7.805 loading class java/util/ResourceBundle$1 done
Event: 7.805 loading class java/util/ResourceBundle$2
Event: 7.805 loading class java/util/ResourceBundle$2 done
Event: 7.805 loading class sun/util/PropertyResourceBundleCharset
Event: 7.805 loading class sun/util/PropertyResourceBundleCharset done
Event: 7.805 loading class sun/util/PropertyResourceBundleCharset$PropertiesFileDecoder
Event: 7.806 loading class sun/util/PropertyResourceBundleCharset$PropertiesFileDecoder done
Event: 7.811 Thread 0x0000020c62e63010 Thread added: 0x0000020c62e63010
Event: 7.813 loading class jdk/internal/reflect/UnsafeStaticObjectFieldAccessorImpl
Event: 7.813 loading class jdk/internal/reflect/UnsafeStaticObjectFieldAccessorImpl done
Event: 7.815 loading class java/lang/IllegalCallerException
Event: 7.815 loading class java/lang/IllegalCallerException done
Event: 7.820 loading class java/lang/StackWalker$Option
Event: 7.821 loading class java/lang/StackWalker$Option done
Event: 7.823 loading class org/xml/sax/SAXParseException
Event: 7.824 loading class org/xml/sax/SAXParseException done


Dynamic libraries:
0x00007ff712330000 - 0x00007ff71233e000 	c:\Users\prabh\.vscode\extensions\redhat.java-1.22.1-win32-x64\jre\17.0.8.1-win32-x86_64\bin\java.exe
0x00007ffe635b0000 - 0x00007ffe637c4000 	C:\WINDOWS\SYSTEM32\ntdll.dll
0x00007ffe62120000 - 0x00007ffe621e4000 	C:\WINDOWS\System32\KERNEL32.DLL
0x00007ffe60d10000 - 0x00007ffe610b4000 	C:\WINDOWS\System32\KERNELBASE.dll
0x00007ffe60bf0000 - 0x00007ffe60d01000 	C:\WINDOWS\System32\ucrtbase.dll
0x00007ffe49c40000 - 0x00007ffe49c57000 	c:\Users\prabh\.vscode\extensions\redhat.java-1.22.1-win32-x64\jre\17.0.8.1-win32-x86_64\bin\jli.dll
0x00007ffe61560000 - 0x00007ffe6170a000 	C:\WINDOWS\System32\USER32.dll
0x00007ffe53240000 - 0x00007ffe534cf000 	C:\WINDOWS\WinSxS\amd64_microsoft.windows.common-controls_6595b64144ccf1df_6.0.22621.2070_none_2713e6537381f706\COMCTL32.dll
0x00007ffe60b00000 - 0x00007ffe60b26000 	C:\WINDOWS\System32\win32u.dll
0x00007ffe620f0000 - 0x00007ffe62119000 	C:\WINDOWS\System32\GDI32.dll
0x00007ffe610c0000 - 0x00007ffe611d9000 	C:\WINDOWS\System32\gdi32full.dll
0x00007ffe61250000 - 0x00007ffe612ea000 	C:\WINDOWS\System32\msvcp_win.dll
0x00007ffe62f70000 - 0x00007ffe63017000 	C:\WINDOWS\System32\msvcrt.dll
0x00007ffe441e0000 - 0x00007ffe441f9000 	c:\Users\prabh\.vscode\extensions\redhat.java-1.22.1-win32-x64\jre\17.0.8.1-win32-x86_64\bin\VCRUNTIME140.dll
0x00007ffe626f0000 - 0x00007ffe62721000 	C:\WINDOWS\System32\IMM32.DLL
0x00007ffe5baf0000 - 0x00007ffe5bafc000 	c:\Users\prabh\.vscode\extensions\redhat.java-1.22.1-win32-x64\jre\17.0.8.1-win32-x86_64\bin\vcruntime140_1.dll
0x00007ffe2bf30000 - 0x00007ffe2bfc1000 	c:\Users\prabh\.vscode\extensions\redhat.java-1.22.1-win32-x64\jre\17.0.8.1-win32-x86_64\bin\msvcp140.dll
0x00007ffde0ba0000 - 0x00007ffde17ec000 	c:\Users\prabh\.vscode\extensions\redhat.java-1.22.1-win32-x64\jre\17.0.8.1-win32-x86_64\bin\server\jvm.dll
0x00007ffe63020000 - 0x00007ffe630d0000 	C:\WINDOWS\System32\ADVAPI32.dll
0x00007ffe63460000 - 0x00007ffe63506000 	C:\WINDOWS\System32\sechost.dll
0x00007ffe61fd0000 - 0x00007ffe620e7000 	C:\WINDOWS\System32\RPCRT4.dll
0x00007ffe5ff60000 - 0x00007ffe5ffad000 	C:\WINDOWS\SYSTEM32\POWRPROF.dll
0x00007ffe4f620000 - 0x00007ffe4f629000 	C:\WINDOWS\SYSTEM32\WSOCK32.dll
0x00007ffe59d70000 - 0x00007ffe59d7a000 	C:\WINDOWS\SYSTEM32\VERSION.dll
0x00007ffe591f0000 - 0x00007ffe59224000 	C:\WINDOWS\SYSTEM32\WINMM.dll
0x00007ffe62670000 - 0x00007ffe626e1000 	C:\WINDOWS\System32\WS2_32.dll
0x00007ffe5feb0000 - 0x00007ffe5fec3000 	C:\WINDOWS\SYSTEM32\UMPDC.dll
0x00007ffe5f950000 - 0x00007ffe5f968000 	C:\WINDOWS\SYSTEM32\kernel.appcore.dll
0x00007ffe5b140000 - 0x00007ffe5b14a000 	c:\Users\prabh\.vscode\extensions\redhat.java-1.22.1-win32-x64\jre\17.0.8.1-win32-x86_64\bin\jimage.dll
0x00007ffe5e590000 - 0x00007ffe5e7be000 	C:\WINDOWS\SYSTEM32\DBGHELP.DLL
0x00007ffe630d0000 - 0x00007ffe6345a000 	C:\WINDOWS\System32\combase.dll
0x00007ffe61470000 - 0x00007ffe61547000 	C:\WINDOWS\System32\OLEAUT32.dll
0x00007ffe5ba30000 - 0x00007ffe5ba62000 	C:\WINDOWS\SYSTEM32\dbgcore.DLL
0x00007ffe612f0000 - 0x00007ffe6136a000 	C:\WINDOWS\System32\bcryptPrimitives.dll
0x00007ffe56f20000 - 0x00007ffe56f2e000 	c:\Users\prabh\.vscode\extensions\redhat.java-1.22.1-win32-x64\jre\17.0.8.1-win32-x86_64\bin\instrument.dll
0x00007ffe34230000 - 0x00007ffe34255000 	c:\Users\prabh\.vscode\extensions\redhat.java-1.22.1-win32-x64\jre\17.0.8.1-win32-x86_64\bin\java.dll
0x00007ffe39680000 - 0x00007ffe39698000 	c:\Users\prabh\.vscode\extensions\redhat.java-1.22.1-win32-x64\jre\17.0.8.1-win32-x86_64\bin\zip.dll
0x00007ffe62730000 - 0x00007ffe62f46000 	C:\WINDOWS\System32\SHELL32.dll
0x00007ffe5e910000 - 0x00007ffe5f1fa000 	C:\WINDOWS\SYSTEM32\windows.storage.dll
0x00007ffe5e7d0000 - 0x00007ffe5e90e000 	C:\WINDOWS\SYSTEM32\wintypes.dll
0x00007ffe61370000 - 0x00007ffe61463000 	C:\WINDOWS\System32\SHCORE.dll
0x00007ffe63510000 - 0x00007ffe6356e000 	C:\WINDOWS\System32\shlwapi.dll
0x00007ffe608c0000 - 0x00007ffe608e6000 	C:\WINDOWS\SYSTEM32\profapi.dll
0x00007ffe38470000 - 0x00007ffe38489000 	C:\Users\prabh\.vscode\extensions\redhat.java-1.22.1-win32-x64\jre\17.0.8.1-win32-x86_64\bin\net.dll
0x00007ffe59f80000 - 0x00007ffe5a0b7000 	C:\WINDOWS\SYSTEM32\WINHTTP.dll
0x00007ffe5fef0000 - 0x00007ffe5ff59000 	C:\WINDOWS\system32\mswsock.dll
0x00007ffe35a80000 - 0x00007ffe35a95000 	C:\Users\prabh\.vscode\extensions\redhat.java-1.22.1-win32-x64\jre\17.0.8.1-win32-x86_64\bin\nio.dll
0x00007ffe4f6a0000 - 0x00007ffe4f6b0000 	c:\Users\prabh\.vscode\extensions\redhat.java-1.22.1-win32-x64\jre\17.0.8.1-win32-x86_64\bin\verify.dll
0x00007ffe2fc80000 - 0x00007ffe2fcbe000 	C:\Users\prabh\AppData\Roaming\Code\User\globalStorage\redhat.java\1.22.1\config_ss_win\org.eclipse.equinox.launcher\org.eclipse.equinox.launcher.win32.win32.x86_64_1.2.700.v20221108-1024\eclipse_11801.dll
0x00007ffe62240000 - 0x00007ffe623dc000 	C:\WINDOWS\System32\ole32.dll

dbghelp: loaded successfully - version: 4.0.5 - missing functions: none
symbol engine: initialized successfully - sym options: 0x614 - pdb path: .;c:\Users\prabh\.vscode\extensions\redhat.java-1.22.1-win32-x64\jre\17.0.8.1-win32-x86_64\bin;C:\WINDOWS\SYSTEM32;C:\WINDOWS\WinSxS\amd64_microsoft.windows.common-controls_6595b64144ccf1df_6.0.22621.2070_none_2713e6537381f706;c:\Users\prabh\.vscode\extensions\redhat.java-1.22.1-win32-x64\jre\17.0.8.1-win32-x86_64\bin\server;C:\Users\prabh\AppData\Roaming\Code\User\globalStorage\redhat.java\1.22.1\config_ss_win\org.eclipse.equinox.launcher\org.eclipse.equinox.launcher.win32.win32.x86_64_1.2.700.v20221108-1024

VM Arguments:
jvm_args: --add-modules=ALL-SYSTEM --add-opens=java.base/java.util=ALL-UNNAMED --add-opens=java.base/java.lang=ALL-UNNAMED --add-opens=java.base/sun.nio.fs=ALL-UNNAMED -Declipse.application=org.eclipse.jdt.ls.core.id1 -Dosgi.bundles.defaultStartLevel=4 -Declipse.product=org.eclipse.jdt.ls.core.product -Djava.import.generatesMetadataFilesAtProjectRoot=false -Dfile.encoding=utf8 -XX:+UseParallelGC -XX:GCTimeRatio=4 -XX:AdaptiveSizePolicyWeight=90 -Dsun.zip.disableMemoryMapping=true -Xmx1G -Xms100m -Xlog:disable -javaagent:c:\Users\prabh\.vscode\extensions\redhat.java-1.22.1-win32-x64\lombok\lombok-1.18.28.jar 
java_command: c:\Users\prabh\.vscode\extensions\redhat.java-1.22.1-win32-x64\server\plugins\org.eclipse.equinox.launcher_1.6.500.v20230717-2134.jar -configuration c:\Users\prabh\AppData\Roaming\Code\User\globalStorage\redhat.java\1.22.1\config_ss_win -data c:\Users\prabh\AppData\Roaming\Code\User\workspaceStorage\260b694d591be46f2fb4096f282b6f32\redhat.java\ss_ws
java_class_path (initial): c:\Users\prabh\.vscode\extensions\redhat.java-1.22.1-win32-x64\server\plugins\org.eclipse.equinox.launcher_1.6.500.v20230717-2134.jar
Launcher Type: SUN_STANDARD

[Global flags]
    uintx AdaptiveSizePolicyWeight                 = 90                                        {product} {command line}
     intx CICompilerCount                          = 4                                         {product} {ergonomic}
    uintx GCTimeRatio                              = 4                                         {product} {command line}
   size_t InitialHeapSize                          = 104857600                                 {product} {command line}
   size_t MaxHeapSize                              = 1073741824                                {product} {command line}
   size_t MaxNewSize                               = 357564416                                 {product} {ergonomic}
   size_t MinHeapDeltaBytes                        = 524288                                    {product} {ergonomic}
   size_t MinHeapSize                              = 104857600                                 {product} {command line}
   size_t NewSize                                  = 34603008                                  {product} {ergonomic}
    uintx NonNMethodCodeHeapSize                   = 5839372                                {pd product} {ergonomic}
    uintx NonProfiledCodeHeapSize                  = 122909434                              {pd product} {ergonomic}
   size_t OldSize                                  = 70254592                                  {product} {ergonomic}
    uintx ProfiledCodeHeapSize                     = 122909434                              {pd product} {ergonomic}
    uintx ReservedCodeCacheSize                    = 251658240                              {pd product} {ergonomic}
     bool SegmentedCodeCache                       = true                                      {product} {ergonomic}
   size_t SoftMaxHeapSize                          = 1073741824                             {manageable} {ergonomic}
     bool UseCompressedClassPointers               = true                           {product lp64_product} {ergonomic}
     bool UseCompressedOops                        = true                           {product lp64_product} {ergonomic}
     bool UseLargePagesIndividualAllocation        = false                                  {pd product} {ergonomic}
     bool UseParallelGC                            = true                                      {product} {command line}

Logging:
Log output configuration:
 #0: stdout all=off uptime,level,tags
 #1: stderr all=off uptime,level,tags

Environment Variables:
JAVA_HOME=C:\Program Files\Java\jdk-15.0.1
PATH=C:\Program Files\Python310\Scripts\;C:\Program Files\Python310\;C:\Program Files\Common Files\Oracle\Java\javapath;C:\Windows\system32;C:\Windows;C:\Windows\System32\Wbem;C:\Windows\System32\WindowsPowerShell\v1.0\;C:\Windows\System32\OpenSSH\;C:\Program Files (x86)\NVIDIA Corporation\PhysX\Common;C:\Program Files\NVIDIA Corporation\NVIDIA NvDLISR;C:\Program Files\Java\jdk-15.0.1\bin;C:\WINDOWS\system32;C:\WINDOWS;C:\WINDOWS\System32\Wbem;C:\WINDOWS\System32\WindowsPowerShell\v1.0\;C:\WINDOWS\System32\OpenSSH\;C:\Users\prabh\projects\;C:\ProgramData\chocolatey\bin;C:\Program Files\Git\cmd;C:\Program Files\Git\bin;C:\Program Files\MySQL\MySQL Server 8.0\bin;C:\Program Files\Java\jdk-20\bin;C:\Program Files\MongoDB\mongosh-1.10.5-win32-x64\bin;C:\Program Files\Docker\Docker\resources\bin;C:\Program Files\MongoDB\Server\7.0\bin;C:\Program Files\MySQL\MySQL Shell 8.0\bin\;C:\Users\prabh\AppData\Local\Microsoft\WindowsApps;C:\Program Files\JetBrains\IntelliJ IDEA Community Edition 2023.2\bin;C:\Program Files (x86)\mingw-w64\i686-8.1.0-posix-dwarf-rt_v6-rev0\mingw32\bin;C:\Users\prabh\AppData\Roaming\npm;C:\Users\prabh\AppData\Local\Programs\Microsoft VS Code\bin;C:\Users\prabh\AppData\Roaming\npm;C:\Program Files\MySQL\MySQL Shell 8.0\bin\;C:\Users\prabh\AppData\Local\Microsoft\WindowsApps;C:\Program Files\JetBrains\IntelliJ IDEA Community Edition 2023.2\bin;;C:\Program Files (x86)\mingw-w64\i686-8.1.0-posix-dwarf-rt_v6-rev0\mingw32\bin;C:\Program Files\Python310;C:\Program Files\Python310\Scripts;C:\Users\prabh\AppData\Roaming\npm;C:\Users\prabh\AppData\Local\Programs\Microsoft VS Code\bin
USERNAME=prabh
OS=Windows_NT
PROCESSOR_IDENTIFIER=AMD64 Family 23 Model 24 Stepping 1, AuthenticAMD
TMP=C:\Users\prabh\AppData\Local\Temp
TEMP=C:\Users\prabh\AppData\Local\Temp



---------------  S Y S T E M  ---------------

OS:
 Windows 11 , 64 bit Build 22621 (10.0.22621.2070)
OS uptime: 10 days 1:57 hours
Hyper-V role detected

CPU: total 8 (initial active 8) (8 cores per cpu, 2 threads per core) family 23 model 24 stepping 1 microcode 0x0, cx8, cmov, fxsr, ht, mmx, 3dnowpref, sse, sse2, sse3, ssse3, sse4a, sse4.1, sse4.2, popcnt, lzcnt, tsc, tscinvbit, avx, avx2, aes, clmul, bmi1, bmi2, adx, sha, fma, vzeroupper, clflush, clflushopt, hv
Processor Information for all 8 processors :
  Max Mhz: 2100, Current Mhz: 2100, Mhz Limit: 2100

Memory: 4k page, system-wide physical 6081M (682M free)
TotalPageFile size 24513M (AvailPageFile size 6M)
current process WorkingSet (physical memory assigned to process): 115M, peak: 116M
current process commit charge ("private bytes"): 230M, peak: 231M

vm_info: OpenJDK 64-Bit Server VM (17.0.8.1+1) for windows-amd64 JRE (17.0.8.1+1), built on Aug 23 2023 15:29:17 by "admin" with MS VC++ 16.7 (VS2019)

END.
