#
# There is insufficient memory for the Java Runtime Environment to continue.
# Native memory allocation (malloc) failed to allocate 870176 bytes for Chunk::new
# Possible reasons:
#   The system is out of physical RAM or swap space
#   The process is running with CompressedOops enabled, and the Java Heap may be blocking the growth of the native heap
# Possible solutions:
#   Reduce memory load on the system
#   Increase physical memory or swap space
#   Check if swap backing store is full
#   Decrease Java heap size (-Xmx/-Xms)
#   Decrease number of Java threads
#   Decrease Java thread stack sizes (-Xss)
#   Set larger code cache with -XX:ReservedCodeCacheSize=
#   JVM is running with Unscaled Compressed Oops mode in which the Java heap is
#     placed in the first 4GB address space. The Java Heap base address is the
#     maximum limit for the native heap growth. Please use -XX:HeapBaseMinAddress
#     to set the Java Heap base and to place the Java Heap above 4GB virtual address.
# This output file may be truncated or incomplete.
#
#  Out of Memory Error (arena.cpp:189), pid=21144, tid=20008
#
# JRE version: OpenJDK Runtime Environment Temurin-17.0.8.1+1 (17.0.8.1+1) (build 17.0.8.1+1)
# Java VM: OpenJDK 64-Bit Server VM Temurin-17.0.8.1+1 (17.0.8.1+1, mixed mode, tiered, compressed oops, compressed class ptrs, parallel gc, windows-amd64)
# No core dump will be written. Minidumps are not enabled by default on client versions of Windows
#

---------------  S U M M A R Y ------------

Command Line: --add-modules=ALL-SYSTEM --add-opens=java.base/java.util=ALL-UNNAMED --add-opens=java.base/java.lang=ALL-UNNAMED --add-opens=java.base/sun.nio.fs=ALL-UNNAMED -Declipse.application=org.eclipse.jdt.ls.core.id1 -Dosgi.bundles.defaultStartLevel=4 -Declipse.product=org.eclipse.jdt.ls.core.product -Djava.import.generatesMetadataFilesAtProjectRoot=false -Dfile.encoding=utf8 -XX:+UseParallelGC -XX:GCTimeRatio=4 -XX:AdaptiveSizePolicyWeight=90 -Dsun.zip.disableMemoryMapping=true -Xmx1G -Xms100m -Xlog:disable -javaagent:c:\Users\prabh\.vscode\extensions\redhat.java-1.22.1-win32-x64\lombok\lombok-1.18.28.jar -XX:+HeapDumpOnOutOfMemoryError -XX:HeapDumpPath=c:\Users\prabh\AppData\Roaming\Code\User\workspaceStorage\260b694d591be46f2fb4096f282b6f32\redhat.java -Daether.dependencyCollector.impl=bf c:\Users\prabh\.vscode\extensions\redhat.java-1.22.1-win32-x64\server\plugins\org.eclipse.equinox.launcher_1.6.500.v20230717-2134.jar -configuration c:\Users\prabh\AppData\Roaming\Code\User\globalStorage\redhat.java\1.22.1\config_win -data c:\Users\prabh\AppData\Roaming\Code\User\workspaceStorage\260b694d591be46f2fb4096f282b6f32\redhat.java\jdt_ws

Host: AMD Ryzen 5 3550H with Radeon Vega Mobile Gfx  , 8 cores, 5G,  Windows 11 , 64 bit Build 22621 (10.0.22621.2070)
Time: Mon Sep 25 11:46:15 2023 India Standard Time elapsed time: 7.857695 seconds (0d 0h 0m 7s)

---------------  T H R E A D  ---------------

Current thread (0x00000206a10d0960):  JavaThread "C2 CompilerThread1" daemon [_thread_in_native, id=20008, stack(0x0000006564d00000,0x0000006564e00000)]


Current CompileTask:
C2:   7857 2004       4       org.apache.felix.resolver.ResolverImpl::mergeUses (495 bytes)

Stack: [0x0000006564d00000,0x0000006564e00000]
Native frames: (J=compiled Java code, j=interpreted, Vv=VM code, C=native code)
V  [jvm.dll+0x678b0a]
V  [jvm.dll+0x835e84]
V  [jvm.dll+0x83762e]
V  [jvm.dll+0x837c93]
V  [jvm.dll+0x24746f]
V  [jvm.dll+0xac20c]
V  [jvm.dll+0xac7dc]
V  [jvm.dll+0x2ae7af]
V  [jvm.dll+0x581427]
V  [jvm.dll+0x222602]
V  [jvm.dll+0x21b5e9]
V  [jvm.dll+0x218f0b]
V  [jvm.dll+0x1a534d]
V  [jvm.dll+0x228d8a]
V  [jvm.dll+0x226dcc]
V  [jvm.dll+0x7ec09b]
V  [jvm.dll+0x7e64ca]
V  [jvm.dll+0x677955]
C  [ucrtbase.dll+0x29363]
C  [KERNEL32.DLL+0x126ad]
C  [ntdll.dll+0x5aa68]


---------------  P R O C E S S  ---------------

Threads class SMR info:
_java_thread_list=0x00000206a1b74770, length=25, elements={
0x0000020686edb960, 0x000002069ad42020, 0x000002069ad436b0, 0x000002069ad4b2a0,
0x000002069ad4bb70, 0x000002069ad4ce80, 0x000002069ad4d8f0, 0x000002069fe51cd0,
0x000002069fe525e0, 0x000002069fe556a0, 0x000002069ff63020, 0x00000206a00d4720,
0x00000206a1838020, 0x00000206a17eec50, 0x00000206a1401b00, 0x00000206a1401fe0,
0x00000206a1811fb0, 0x00000206a1814830, 0x00000206a18124c0, 0x00000206a18133f0,
0x00000206a1813e10, 0x00000206a10d0960, 0x00000206a18129d0, 0x00000206a1811080,
0x00000206a1812ee0
}

Java Threads: ( => current thread )
  0x0000020686edb960 JavaThread "main" [_thread_blocked, id=2660, stack(0x0000006562f00000,0x0000006563000000)]
  0x000002069ad42020 JavaThread "Reference Handler" daemon [_thread_blocked, id=24072, stack(0x0000006563200000,0x0000006563300000)]
  0x000002069ad436b0 JavaThread "Finalizer" daemon [_thread_blocked, id=16392, stack(0x0000006563300000,0x0000006563400000)]
  0x000002069ad4b2a0 JavaThread "Signal Dispatcher" daemon [_thread_blocked, id=22576, stack(0x0000006563400000,0x0000006563500000)]
  0x000002069ad4bb70 JavaThread "Attach Listener" daemon [_thread_blocked, id=7748, stack(0x0000006563500000,0x0000006563600000)]
  0x000002069ad4ce80 JavaThread "Service Thread" daemon [_thread_blocked, id=18936, stack(0x0000006563600000,0x0000006563700000)]
  0x000002069ad4d8f0 JavaThread "Monitor Deflation Thread" daemon [_thread_blocked, id=13236, stack(0x0000006563700000,0x0000006563800000)]
  0x000002069fe51cd0 JavaThread "C2 CompilerThread0" daemon [_thread_blocked, id=15184, stack(0x0000006563800000,0x0000006563900000)]
  0x000002069fe525e0 JavaThread "C1 CompilerThread0" daemon [_thread_blocked, id=8432, stack(0x0000006563900000,0x0000006563a00000)]
  0x000002069fe556a0 JavaThread "Sweeper thread" daemon [_thread_blocked, id=16000, stack(0x0000006563a00000,0x0000006563b00000)]
  0x000002069ff63020 JavaThread "Common-Cleaner" daemon [_thread_blocked, id=18108, stack(0x0000006563b00000,0x0000006563c00000)]
  0x00000206a00d4720 JavaThread "Notification Thread" daemon [_thread_blocked, id=23660, stack(0x0000006563c00000,0x0000006563d00000)]
  0x00000206a1838020 JavaThread "Equinox resolver thread - Equinox Container: 3acedec1-17f3-4688-b238-de825857755c" daemon [_thread_blocked, id=25228, stack(0x0000006564400000,0x0000006564500000)]
  0x00000206a17eec50 JavaThread "Equinox resolver thread - Equinox Container: 3acedec1-17f3-4688-b238-de825857755c" daemon [_thread_blocked, id=20836, stack(0x0000006564500000,0x0000006564600000)]
  0x00000206a1401b00 JavaThread "Equinox resolver thread - Equinox Container: 3acedec1-17f3-4688-b238-de825857755c" daemon [_thread_blocked, id=24956, stack(0x0000006564600000,0x0000006564700000)]
  0x00000206a1401fe0 JavaThread "Equinox resolver thread - Equinox Container: 3acedec1-17f3-4688-b238-de825857755c" daemon [_thread_blocked, id=25620, stack(0x0000006564700000,0x0000006564800000)]
  0x00000206a1811fb0 JavaThread "Equinox resolver thread - Equinox Container: 3acedec1-17f3-4688-b238-de825857755c" daemon [_thread_blocked, id=23952, stack(0x0000006564800000,0x0000006564900000)]
  0x00000206a1814830 JavaThread "Equinox resolver thread - Equinox Container: 3acedec1-17f3-4688-b238-de825857755c" daemon [_thread_blocked, id=11020, stack(0x0000006564900000,0x0000006564a00000)]
  0x00000206a18124c0 JavaThread "Active Thread: Equinox Container: 3acedec1-17f3-4688-b238-de825857755c" [_thread_blocked, id=8616, stack(0x0000006564a00000,0x0000006564b00000)]
  0x00000206a18133f0 JavaThread "Framework Event Dispatcher: Equinox Container: 3acedec1-17f3-4688-b238-de825857755c" daemon [_thread_blocked, id=23024, stack(0x0000006564b00000,0x0000006564c00000)]
  0x00000206a1813e10 JavaThread "Start Level: Equinox Container: 3acedec1-17f3-4688-b238-de825857755c" daemon [_thread_in_Java, id=24776, stack(0x0000006564c00000,0x0000006564d00000)]
=>0x00000206a10d0960 JavaThread "C2 CompilerThread1" daemon [_thread_in_native, id=20008, stack(0x0000006564d00000,0x0000006564e00000)]
  0x00000206a18129d0 JavaThread "Refresh Thread: Equinox Container: 3acedec1-17f3-4688-b238-de825857755c" daemon [_thread_blocked, id=25352, stack(0x0000006565000000,0x0000006565100000)]
  0x00000206a1811080 JavaThread "Equinox resolver thread - Equinox Container: 3acedec1-17f3-4688-b238-de825857755c" daemon [_thread_blocked, id=14340, stack(0x0000006565100000,0x0000006565200000)]
  0x00000206a1812ee0 JavaThread "Equinox resolver thread - Equinox Container: 3acedec1-17f3-4688-b238-de825857755c" daemon [_thread_blocked, id=12732, stack(0x0000006565200000,0x0000006565300000)]

Other Threads:
  0x0000020686f88bf0 VMThread "VM Thread" [stack: 0x0000006563100000,0x0000006563200000] [id=5540]
  0x00000206a00d4c00 WatcherThread [stack: 0x0000006563d00000,0x0000006563e00000] [id=19632]
  0x0000020686ef1440 GCTaskThread "GC Thread#0" [stack: 0x0000006563000000,0x0000006563100000] [id=3468]
  0x00000206a1345b40 GCTaskThread "GC Thread#1" [stack: 0x0000006563e00000,0x0000006563f00000] [id=13348]
  0x00000206a13c3b60 GCTaskThread "GC Thread#2" [stack: 0x0000006563f00000,0x0000006564000000] [id=20720]
  0x00000206a13c3e20 GCTaskThread "GC Thread#3" [stack: 0x0000006564000000,0x0000006564100000] [id=26596]
  0x00000206a172aee0 GCTaskThread "GC Thread#4" [stack: 0x0000006564100000,0x0000006564200000] [id=18932]
  0x00000206a172b1a0 GCTaskThread "GC Thread#5" [stack: 0x0000006564200000,0x0000006564300000] [id=22952]
  0x00000206a172b460 GCTaskThread "GC Thread#6" [stack: 0x0000006564300000,0x0000006564400000] [id=19596]
  0x000002069ff629d0 GCTaskThread "GC Thread#7" [stack: 0x0000006564f00000,0x0000006565000000] [id=19708]

Threads with active compile tasks:
C2 CompilerThread1     7884 2004       4       org.apache.felix.resolver.ResolverImpl::mergeUses (495 bytes)

VM state: not at safepoint (normal execution)

VM Mutex/Monitor currently owned by a thread: None

Heap address: 0x00000000c0000000, size: 1024 MB, Compressed Oops mode: 32-bit

CDS archive(s) not mapped
Compressed class space mapped at: 0x0000000100000000-0x0000000140000000, reserved size: 1073741824
Narrow klass base: 0x0000000000000000, Narrow klass shift: 3, Narrow klass range: 0x140000000

GC Precious Log:
 CPUs: 8 total, 8 available
 Memory: 6081M
 Large Page Support: Disabled
 NUMA Support: Disabled
 Compressed Oops: Enabled (32-bit)
 Alignments: Space 512K, Generation 512K, Heap 2M
 Heap Min Capacity: 100M
 Heap Initial Capacity: 100M
 Heap Max Capacity: 1G
 Pre-touch: Disabled
 Parallel Workers: 8

Heap:
 PSYoungGen      total 29696K, used 16967K [0x00000000eab00000, 0x00000000ecc00000, 0x0000000100000000)
  eden space 25600K, 50% used [0x00000000eab00000,0x00000000eb793e78,0x00000000ec400000)
  from space 4096K, 99% used [0x00000000ec400000,0x00000000ec7fe0d0,0x00000000ec800000)
  to   space 4096K, 0% used [0x00000000ec800000,0x00000000ec800000,0x00000000ecc00000)
 ParOldGen       total 68608K, used 7696K [0x00000000c0000000, 0x00000000c4300000, 0x00000000eab00000)
  object space 68608K, 11% used [0x00000000c0000000,0x00000000c07841b0,0x00000000c4300000)
 Metaspace       used 16567K, committed 16832K, reserved 1114112K
  class space    used 1673K, committed 1792K, reserved 1048576K

Card table byte_map: [0x0000020686870000,0x0000020686a80000] _byte_map_base: 0x0000020686270000

Marking Bits: (ParMarkBitMap*) 0x00007ffde17283a0
 Begin Bits: [0x0000020698b50000, 0x0000020699b50000)
 End Bits:   [0x0000020699b50000, 0x000002069ab50000)

Polling page: 0x0000020684eb0000

Metaspace:

Usage:
  Non-class:     14.54 MB used.
      Class:      1.63 MB used.
       Both:     16.18 MB used.

Virtual space:
  Non-class space:       64.00 MB reserved,      14.69 MB ( 23%) committed,  1 nodes.
      Class space:        1.00 GB reserved,       1.75 MB ( <1%) committed,  1 nodes.
             Both:        1.06 GB reserved,      16.44 MB (  2%) committed. 

Chunk freelists:
   Non-Class:  752.00 KB
       Class:  14.31 MB
        Both:  15.04 MB

MaxMetaspaceSize: unlimited
CompressedClassSpaceSize: 1.00 GB
Initial GC threshold: 21.00 MB
Current GC threshold: 21.00 MB
CDS: off
MetaspaceReclaimPolicy: balanced
 - commit_granule_bytes: 65536.
 - commit_granule_words: 8192.
 - virtual_space_node_default_size: 8388608.
 - enlarge_chunks_in_place: 1.
 - new_chunks_are_fully_committed: 0.
 - uncommit_free_chunks: 1.
 - use_allocation_guard: 0.
 - handle_deallocations: 1.


Internal statistics:

num_allocs_failed_limit: 0.
num_arena_births: 102.
num_arena_deaths: 0.
num_vsnodes_births: 2.
num_vsnodes_deaths: 0.
num_space_committed: 263.
num_space_uncommitted: 0.
num_chunks_returned_to_freelist: 0.
num_chunks_taken_from_freelist: 340.
num_chunk_merges: 0.
num_chunk_splits: 224.
num_chunks_enlarged: 163.
num_inconsistent_stats: 0.

CodeHeap 'non-profiled nmethods': size=120000Kb used=929Kb max_used=929Kb free=119070Kb
 bounds [0x0000020691620000, 0x0000020691890000, 0x0000020698b50000]
CodeHeap 'profiled nmethods': size=120000Kb used=4725Kb max_used=4725Kb free=115274Kb
 bounds [0x0000020689b50000, 0x0000020689ff0000, 0x0000020691080000]
CodeHeap 'non-nmethods': size=5760Kb used=1169Kb max_used=1188Kb free=4590Kb
 bounds [0x0000020691080000, 0x00000206912f0000, 0x0000020691620000]
 total_blobs=2806 nmethods=2345 adapters=375
 compilation: enabled
              stopped_count=0, restarted_count=0
 full_count=0

Compilation events (20 events):
Event: 7.833 Thread 0x000002069fe51cd0 2324       4       java.nio.DirectIntBufferU::ix (10 bytes)
Event: 7.834 Thread 0x000002069fe51cd0 nmethod 2324 0x0000020691706190 code [0x0000020691706300, 0x0000020691706378]
Event: 7.843 Thread 0x000002069fe525e0 2325       3       java.security.SecureClassLoader$CodeSourceKey::<init> (10 bytes)
Event: 7.843 Thread 0x000002069fe525e0 nmethod 2325 0x0000020689fe0b10 code [0x0000020689fe0ca0, 0x0000020689fe0e18]
Event: 7.844 Thread 0x000002069fe525e0 2326       3       java.security.SecureClassLoader$1::<init> (15 bytes)
Event: 7.844 Thread 0x000002069fe525e0 nmethod 2326 0x0000020689fe0f10 code [0x0000020689fe10a0, 0x0000020689fe1238]
Event: 7.844 Thread 0x000002069fe525e0 2327       3       java.security.SecureClassLoader$CodeSourceKey::hashCode (21 bytes)
Event: 7.844 Thread 0x000002069fe525e0 nmethod 2327 0x0000020689fe1310 code [0x0000020689fe14c0, 0x0000020689fe16a8]
Event: 7.848 Thread 0x000002069fe525e0 2328       3       java.lang.invoke.MethodHandles$Lookup$ClassFile::readUnsignedShort (39 bytes)
Event: 7.848 Thread 0x000002069fe525e0 nmethod 2328 0x0000020689fe1790 code [0x0000020689fe1940, 0x0000020689fe1ba8]
Event: 7.848 Thread 0x000002069fe525e0 2329       3       jdk.internal.org.objectweb.asm.ClassReader::<init> (371 bytes)
Event: 7.850 Thread 0x000002069fe525e0 nmethod 2329 0x0000020689fe1d10 code [0x0000020689fe1fe0, 0x0000020689fe31b8]
Event: 7.851 Thread 0x000002069fe525e0 2330       1       jdk.internal.org.objectweb.asm.ClassReader::getMaxStringLength (5 bytes)
Event: 7.851 Thread 0x000002069fe525e0 nmethod 2330 0x0000020691706490 code [0x0000020691706620, 0x00000206917066f8]
Event: 7.854 Thread 0x000002069fe525e0 2331       1       java.lang.invoke.DirectMethodHandle::isCrackable (5 bytes)
Event: 7.854 Thread 0x000002069fe525e0 nmethod 2331 0x0000020691706790 code [0x0000020691706920, 0x00000206917069f8]
Event: 7.854 Thread 0x000002069fe525e0 2332       3       jdk.internal.misc.CDS::isDumpingArchive (4 bytes)
Event: 7.854 Thread 0x000002069fe525e0 nmethod 2332 0x0000020689fe3710 code [0x0000020689fe38a0, 0x0000020689fe3998]
Event: 7.854 Thread 0x000002069fe525e0 2333       1       java.lang.reflect.Constructor::getDeclaringClass (5 bytes)
Event: 7.854 Thread 0x000002069fe525e0 nmethod 2333 0x0000020691706a90 code [0x0000020691706c20, 0x0000020691706cf8]

GC Heap History (6 events):
Event: 1.895 GC heap before
{Heap before GC invocations=1 (full 0):
 PSYoungGen      total 29696K, used 25600K [0x00000000eab00000, 0x00000000ecc00000, 0x0000000100000000)
  eden space 25600K, 100% used [0x00000000eab00000,0x00000000ec400000,0x00000000ec400000)
  from space 4096K, 0% used [0x00000000ec800000,0x00000000ec800000,0x00000000ecc00000)
  to   space 4096K, 0% used [0x00000000ec400000,0x00000000ec400000,0x00000000ec800000)
 ParOldGen       total 68608K, used 0K [0x00000000c0000000, 0x00000000c4300000, 0x00000000eab00000)
  object space 68608K, 0% used [0x00000000c0000000,0x00000000c0000000,0x00000000c4300000)
 Metaspace       used 11281K, committed 11456K, reserved 1114112K
  class space    used 1135K, committed 1216K, reserved 1048576K
}
Event: 1.908 GC heap after
{Heap after GC invocations=1 (full 0):
 PSYoungGen      total 29696K, used 3138K [0x00000000eab00000, 0x00000000ecc00000, 0x0000000100000000)
  eden space 25600K, 0% used [0x00000000eab00000,0x00000000eab00000,0x00000000ec400000)
  from space 4096K, 76% used [0x00000000ec400000,0x00000000ec710918,0x00000000ec800000)
  to   space 4096K, 0% used [0x00000000ec800000,0x00000000ec800000,0x00000000ecc00000)
 ParOldGen       total 68608K, used 16K [0x00000000c0000000, 0x00000000c4300000, 0x00000000eab00000)
  object space 68608K, 0% used [0x00000000c0000000,0x00000000c0004000,0x00000000c4300000)
 Metaspace       used 11281K, committed 11456K, reserved 1114112K
  class space    used 1135K, committed 1216K, reserved 1048576K
}
Event: 6.802 GC heap before
{Heap before GC invocations=2 (full 0):
 PSYoungGen      total 29696K, used 28738K [0x00000000eab00000, 0x00000000ecc00000, 0x0000000100000000)
  eden space 25600K, 100% used [0x00000000eab00000,0x00000000ec400000,0x00000000ec400000)
  from space 4096K, 76% used [0x00000000ec400000,0x00000000ec710918,0x00000000ec800000)
  to   space 4096K, 0% used [0x00000000ec800000,0x00000000ec800000,0x00000000ecc00000)
 ParOldGen       total 68608K, used 16K [0x00000000c0000000, 0x00000000c4300000, 0x00000000eab00000)
  object space 68608K, 0% used [0x00000000c0000000,0x00000000c0004000,0x00000000c4300000)
 Metaspace       used 14171K, committed 14336K, reserved 1114112K
  class space    used 1418K, committed 1472K, reserved 1048576K
}
Event: 6.807 GC heap after
{Heap after GC invocations=2 (full 0):
 PSYoungGen      total 29696K, used 4087K [0x00000000eab00000, 0x00000000ecc00000, 0x0000000100000000)
  eden space 25600K, 0% used [0x00000000eab00000,0x00000000eab00000,0x00000000ec400000)
  from space 4096K, 99% used [0x00000000ec800000,0x00000000ecbfdcd8,0x00000000ecc00000)
  to   space 4096K, 0% used [0x00000000ec400000,0x00000000ec400000,0x00000000ec800000)
 ParOldGen       total 68608K, used 1030K [0x00000000c0000000, 0x00000000c4300000, 0x00000000eab00000)
  object space 68608K, 1% used [0x00000000c0000000,0x00000000c0101b70,0x00000000c4300000)
 Metaspace       used 14171K, committed 14336K, reserved 1114112K
  class space    used 1418K, committed 1472K, reserved 1048576K
}
Event: 7.359 GC heap before
{Heap before GC invocations=3 (full 0):
 PSYoungGen      total 29696K, used 29687K [0x00000000eab00000, 0x00000000ecc00000, 0x0000000100000000)
  eden space 25600K, 100% used [0x00000000eab00000,0x00000000ec400000,0x00000000ec400000)
  from space 4096K, 99% used [0x00000000ec800000,0x00000000ecbfdcd8,0x00000000ecc00000)
  to   space 4096K, 0% used [0x00000000ec400000,0x00000000ec400000,0x00000000ec800000)
 ParOldGen       total 68608K, used 1030K [0x00000000c0000000, 0x00000000c4300000, 0x00000000eab00000)
  object space 68608K, 1% used [0x00000000c0000000,0x00000000c0101b70,0x00000000c4300000)
 Metaspace       used 14638K, committed 14848K, reserved 1114112K
  class space    used 1451K, committed 1536K, reserved 1048576K
}
Event: 7.373 GC heap after
{Heap after GC invocations=3 (full 0):
 PSYoungGen      total 29696K, used 4088K [0x00000000eab00000, 0x00000000ecc00000, 0x0000000100000000)
  eden space 25600K, 0% used [0x00000000eab00000,0x00000000eab00000,0x00000000ec400000)
  from space 4096K, 99% used [0x00000000ec400000,0x00000000ec7fe0d0,0x00000000ec800000)
  to   space 4096K, 0% used [0x00000000ec800000,0x00000000ec800000,0x00000000ecc00000)
 ParOldGen       total 68608K, used 7696K [0x00000000c0000000, 0x00000000c4300000, 0x00000000eab00000)
  object space 68608K, 11% used [0x00000000c0000000,0x00000000c07841b0,0x00000000c4300000)
 Metaspace       used 14638K, committed 14848K, reserved 1114112K
  class space    used 1451K, committed 1536K, reserved 1048576K
}

Dll operation events (9 events):
Event: 0.221 Loaded shared library c:\Users\prabh\.vscode\extensions\redhat.java-1.22.1-win32-x64\jre\17.0.8.1-win32-x86_64\bin\java.dll
Event: 0.539 Loaded shared library c:\Users\prabh\.vscode\extensions\redhat.java-1.22.1-win32-x64\jre\17.0.8.1-win32-x86_64\bin\zip.dll
Event: 0.543 Loaded shared library C:\Users\prabh\.vscode\extensions\redhat.java-1.22.1-win32-x64\jre\17.0.8.1-win32-x86_64\bin\instrument.dll
Event: 0.615 Loaded shared library C:\Users\prabh\.vscode\extensions\redhat.java-1.22.1-win32-x64\jre\17.0.8.1-win32-x86_64\bin\net.dll
Event: 0.664 Loaded shared library C:\Users\prabh\.vscode\extensions\redhat.java-1.22.1-win32-x64\jre\17.0.8.1-win32-x86_64\bin\nio.dll
Event: 0.673 Loaded shared library C:\Users\prabh\.vscode\extensions\redhat.java-1.22.1-win32-x64\jre\17.0.8.1-win32-x86_64\bin\zip.dll
Event: 0.695 Loaded shared library C:\Users\prabh\.vscode\extensions\redhat.java-1.22.1-win32-x64\jre\17.0.8.1-win32-x86_64\bin\jimage.dll
Event: 0.810 Loaded shared library c:\Users\prabh\.vscode\extensions\redhat.java-1.22.1-win32-x64\jre\17.0.8.1-win32-x86_64\bin\verify.dll
Event: 7.261 Loaded shared library C:\Users\prabh\AppData\Roaming\Code\User\globalStorage\redhat.java\1.22.1\config_win\org.eclipse.equinox.launcher\org.eclipse.equinox.launcher.win32.win32.x86_64_1.2.700.v20221108-1024\eclipse_11801.dll

Deoptimization events (20 events):
Event: 7.555 Thread 0x00000206a1813e10 Uncommon trap: trap_request=0xffffffde fr.pc=0x00000206916c25f0 relative=0x0000000000000070
Event: 7.555 Thread 0x00000206a1813e10 Uncommon trap: reason=class_check action=maybe_recompile pc=0x00000206916c25f0 method=java.util.Collections$3.hasMoreElements()Z @ 4 c2
Event: 7.555 Thread 0x00000206a1813e10 DEOPT PACKING pc=0x00000206916c25f0 sp=0x0000006564cfda10
Event: 7.555 Thread 0x00000206a1813e10 DEOPT UNPACKING pc=0x00000206910d66a3 sp=0x0000006564cfd9a0 mode 2
Event: 7.555 Thread 0x00000206a1813e10 Uncommon trap: trap_request=0xffffffde fr.pc=0x00000206916c25f0 relative=0x0000000000000070
Event: 7.555 Thread 0x00000206a1813e10 Uncommon trap: reason=class_check action=maybe_recompile pc=0x00000206916c25f0 method=java.util.Collections$3.hasMoreElements()Z @ 4 c2
Event: 7.555 Thread 0x00000206a1813e10 DEOPT PACKING pc=0x00000206916c25f0 sp=0x0000006564cfda10
Event: 7.555 Thread 0x00000206a1813e10 DEOPT UNPACKING pc=0x00000206910d66a3 sp=0x0000006564cfd9a0 mode 2
Event: 7.555 Thread 0x00000206a1813e10 Uncommon trap: trap_request=0xffffffde fr.pc=0x00000206916c25f0 relative=0x0000000000000070
Event: 7.555 Thread 0x00000206a1813e10 Uncommon trap: reason=class_check action=maybe_recompile pc=0x00000206916c25f0 method=java.util.Collections$3.hasMoreElements()Z @ 4 c2
Event: 7.555 Thread 0x00000206a1813e10 DEOPT PACKING pc=0x00000206916c25f0 sp=0x0000006564cfda10
Event: 7.555 Thread 0x00000206a1813e10 DEOPT UNPACKING pc=0x00000206910d66a3 sp=0x0000006564cfd9a0 mode 2
Event: 7.818 Thread 0x00000206a1813e10 Uncommon trap: trap_request=0xffffff45 fr.pc=0x0000020691665cf4 relative=0x0000000000000074
Event: 7.818 Thread 0x00000206a1813e10 Uncommon trap: reason=unstable_if action=reinterpret pc=0x0000020691665cf4 method=jdk.internal.misc.Unsafe.convEndian(ZJ)J @ 4 c2
Event: 7.819 Thread 0x00000206a1813e10 DEOPT PACKING pc=0x0000020691665cf4 sp=0x0000006564cfc590
Event: 7.819 Thread 0x00000206a1813e10 DEOPT UNPACKING pc=0x00000206910d66a3 sp=0x0000006564cfc4b8 mode 2
Event: 7.819 Thread 0x00000206a1813e10 Uncommon trap: trap_request=0xffffff45 fr.pc=0x00000206916f2894 relative=0x0000000000000094
Event: 7.819 Thread 0x00000206a1813e10 Uncommon trap: reason=unstable_if action=reinterpret pc=0x00000206916f2894 method=jdk.internal.misc.Unsafe.getLongUnaligned(Ljava/lang/Object;J)J @ 7 c2
Event: 7.819 Thread 0x00000206a1813e10 DEOPT PACKING pc=0x00000206916f2894 sp=0x0000006564cfc500
Event: 7.819 Thread 0x00000206a1813e10 DEOPT UNPACKING pc=0x00000206910d66a3 sp=0x0000006564cfc4b0 mode 2

Classes unloaded (0 events):
No events

Classes redefined (0 events):
No events

Internal exceptions (20 events):
Event: 1.719 Thread 0x0000020686edb960 Exception <a 'java/io/FileNotFoundException'{0x00000000ec06a5e8}> (0x00000000ec06a5e8) 
thrown [s\src\hotspot\share\prims\jni.cpp, line 516]
Event: 1.773 Thread 0x0000020686edb960 Implicit null exception at 0x00000206916624bb to 0x0000020691662dc8
Event: 1.773 Thread 0x0000020686edb960 Implicit null exception at 0x000002069166b56c to 0x000002069166b750
Event: 1.773 Thread 0x0000020686edb960 Implicit null exception at 0x0000020691661aec to 0x0000020691661cd0
Event: 1.773 Thread 0x0000020686edb960 Implicit null exception at 0x000002069165ff0f to 0x000002069165ff85
Event: 1.858 Thread 0x0000020686edb960 Exception <a 'java/lang/NoSuchMethodError'{0x00000000ec333e48}: 'int java.lang.invoke.DirectMethodHandle$Holder.invokeStaticInit(java.lang.Object, java.lang.Object, java.lang.Object, java.lang.Object)'> (0x00000000ec333e48) 
thrown [s\src\hotspot\share\interpreter\linkResolver.cpp, line 759]
Event: 1.859 Thread 0x0000020686edb960 Exception <a 'java/lang/NoSuchMethodError'{0x00000000ec33e4b8}: 'java.lang.Object java.lang.invoke.DirectMethodHandle$Holder.invokeInterface(java.lang.Object, java.lang.Object)'> (0x00000000ec33e4b8) 
thrown [s\src\hotspot\share\interpreter\linkResolver.cpp, line 759]
Event: 1.860 Thread 0x0000020686edb960 Exception <a 'java/lang/IncompatibleClassChangeError'{0x00000000ec341cb0}: Found class java.lang.Object, but interface was expected> (0x00000000ec341cb0) 
thrown [s\src\hotspot\share\interpreter\linkResolver.cpp, line 826]
Event: 1.861 Thread 0x0000020686edb960 Exception <a 'java/lang/NoSuchMethodError'{0x00000000ec3461a8}: 'void java.lang.invoke.DirectMethodHandle$Holder.invokeStatic(java.lang.Object, java.lang.Object)'> (0x00000000ec3461a8) 
thrown [s\src\hotspot\share\interpreter\linkResolver.cpp, line 759]
Event: 1.861 Thread 0x0000020686edb960 Exception <a 'java/lang/NoSuchMethodError'{0x00000000ec3499a8}: 'void java.lang.invoke.DirectMethodHandle$Holder.invokeStaticInit(java.lang.Object, java.lang.Object)'> (0x00000000ec3499a8) 
thrown [s\src\hotspot\share\interpreter\linkResolver.cpp, line 759]
Event: 1.864 Thread 0x0000020686edb960 Exception <a 'java/lang/NoSuchMethodError'{0x00000000ec351000}: 'int java.lang.invoke.DirectMethodHandle$Holder.invokeStaticInit(java.lang.Object, java.lang.Object)'> (0x00000000ec351000) 
thrown [s\src\hotspot\share\interpreter\linkResolver.cpp, line 759]
Event: 2.214 Thread 0x0000020686edb960 Exception <a 'java/lang/NoSuchMethodError'{0x00000000eb4cc540}: 'int java.lang.invoke.DirectMethodHandle$Holder.invokeSpecial(java.lang.Object, java.lang.Object, java.lang.Object)'> (0x00000000eb4cc540) 
thrown [s\src\hotspot\share\interpreter\linkResolver.cpp, line 759]
Event: 2.332 Thread 0x0000020686edb960 Exception <a 'java/lang/NoSuchMethodError'{0x00000000ebab0ee0}: 'java.lang.Object java.lang.invoke.DirectMethodHandle$Holder.newInvokeSpecial(java.lang.Object, int, java.lang.Object)'> (0x00000000ebab0ee0) 
thrown [s\src\hotspot\share\interpreter\linkResolver.cpp, line 759]
Event: 7.099 Thread 0x0000020686edb960 Exception <a 'java/lang/UnsatisfiedLinkError'{0x00000000eba75b78}: 'void org.eclipse.equinox.launcher.JNIBridge._update_splash()'> (0x00000000eba75b78) 
thrown [s\src\hotspot\share\prims\nativeLookup.cpp, line 543]
Event: 7.107 Thread 0x00000206a18129d0 Exception <a 'java/lang/NoSuchMethodError'{0x00000000ebacabe8}: 'java.lang.Object java.lang.invoke.Invokers$Holder.invokeExact_MT(java.lang.Object, java.lang.Object, java.lang.Object, java.lang.Object, java.lang.Object, java.lang.Object)'> (0x00000000ebacabe8) 
thrown [s\src\hotspot\share\interpreter\linkResolver.cpp, line 759]
Event: 7.614 Thread 0x00000206a1813e10 Exception <a 'java/lang/NoSuchMethodError'{0x00000000eb2ed8a0}: 'java.lang.Object java.lang.invoke.DirectMethodHandle$Holder.invokeStaticInit(java.lang.Object)'> (0x00000000eb2ed8a0) 
thrown [s\src\hotspot\share\interpreter\linkResolver.cpp, line 759]
Event: 7.647 Thread 0x00000206a1813e10 Exception <a 'java/lang/NoSuchMethodError'{0x00000000eb3873f8}: 'java.lang.Object java.lang.invoke.DirectMethodHandle$Holder.newInvokeSpecial(java.lang.Object, java.lang.Object, int, java.lang.Object)'> (0x00000000eb3873f8) 
thrown [s\src\hotspot\share\interpreter\linkResolver.cpp, line 759]
Event: 7.649 Thread 0x00000206a1813e10 Exception <a 'java/lang/NoSuchMethodError'{0x00000000eb38b6e0}: 'java.lang.Object java.lang.invoke.DirectMethodHandle$Holder.invokeSpecial(java.lang.Object, java.lang.Object, java.lang.Object, int, java.lang.Object)'> (0x00000000eb38b6e0) 
thrown [s\src\hotspot\share\interpreter\linkResolver.cpp, line 759]
Event: 7.754 Thread 0x00000206a1813e10 Exception <a 'java/lang/NoSuchMethodError'{0x00000000eb52b150}: 'void java.lang.invoke.DirectMethodHandle$Holder.invokeSpecial(java.lang.Object, java.lang.Object, java.lang.Object)'> (0x00000000eb52b150) 
thrown [s\src\hotspot\share\interpreter\linkResolver.cpp, line 759]
Event: 7.784 Thread 0x00000206a1813e10 Exception <a 'java/lang/ClassNotFoundException'{0x00000000eb5a0d90}: sun/util/logging/resources/spi/loggingProvider> (0x00000000eb5a0d90) 
thrown [s\src\hotspot\share\classfile\systemDictionary.cpp, line 256]

VM Operations (20 events):
Event: 3.308 Executing VM operation: Cleanup
Event: 3.309 Executing VM operation: Cleanup done
Event: 6.801 Executing VM operation: ParallelGCFailedAllocation
Event: 6.807 Executing VM operation: ParallelGCFailedAllocation done
Event: 7.102 Executing VM operation: HandshakeAllThreads
Event: 7.102 Executing VM operation: HandshakeAllThreads done
Event: 7.210 Executing VM operation: HandshakeAllThreads
Event: 7.210 Executing VM operation: HandshakeAllThreads done
Event: 7.338 Executing VM operation: ICBufferFull
Event: 7.340 Executing VM operation: ICBufferFull done
Event: 7.340 Executing VM operation: ICBufferFull
Event: 7.340 Executing VM operation: ICBufferFull done
Event: 7.342 Executing VM operation: ICBufferFull
Event: 7.359 Executing VM operation: ICBufferFull done
Event: 7.359 Executing VM operation: ParallelGCFailedAllocation
Event: 7.374 Executing VM operation: ParallelGCFailedAllocation done
Event: 7.441 Executing VM operation: HandshakeAllThreads
Event: 7.441 Executing VM operation: HandshakeAllThreads done
Event: 7.737 Executing VM operation: HandshakeAllThreads
Event: 7.737 Executing VM operation: HandshakeAllThreads done

Events (20 events):
Event: 7.850 loading class sun/util/locale/provider/LocaleResources done
Event: 7.850 loading class sun/util/locale/provider/LocaleResources$ResourceReference
Event: 7.851 loading class sun/util/locale/provider/LocaleResources$ResourceReference done
Event: 7.851 loading class java/lang/StringLatin1$CharsSpliterator
Event: 7.851 loading class java/lang/StringLatin1$CharsSpliterator done
Event: 7.851 loading class java/util/stream/IntPipeline$Head
Event: 7.852 loading class java/util/stream/IntPipeline
Event: 7.852 loading class java/util/stream/IntStream
Event: 7.853 loading class java/util/stream/IntStream done
Event: 7.853 loading class java/util/stream/IntPipeline done
Event: 7.853 loading class java/util/stream/IntPipeline$Head done
Event: 7.853 loading class java/util/function/IntPredicate
Event: 7.854 loading class java/util/function/IntPredicate done
Event: 7.854 loading class java/util/stream/IntPipeline$10
Event: 7.855 loading class java/util/stream/IntPipeline$StatelessOp
Event: 7.855 loading class java/util/stream/IntPipeline$StatelessOp done
Event: 7.855 loading class java/util/stream/IntPipeline$10 done
Event: 7.855 loading class java/util/stream/FindOps$FindSink$OfInt
Event: 7.855 loading class java/util/stream/Sink$OfInt
Event: 7.855 loading class java/util/function/IntConsumer


Dynamic libraries:
0x00007ff712330000 - 0x00007ff71233e000 	c:\Users\prabh\.vscode\extensions\redhat.java-1.22.1-win32-x64\jre\17.0.8.1-win32-x86_64\bin\java.exe
0x00007ffe635b0000 - 0x00007ffe637c4000 	C:\WINDOWS\SYSTEM32\ntdll.dll
0x00007ffe62120000 - 0x00007ffe621e4000 	C:\WINDOWS\System32\KERNEL32.DLL
0x00007ffe60d10000 - 0x00007ffe610b4000 	C:\WINDOWS\System32\KERNELBASE.dll
0x00007ffe60bf0000 - 0x00007ffe60d01000 	C:\WINDOWS\System32\ucrtbase.dll
0x00007ffe49c40000 - 0x00007ffe49c57000 	c:\Users\prabh\.vscode\extensions\redhat.java-1.22.1-win32-x64\jre\17.0.8.1-win32-x86_64\bin\jli.dll
0x00007ffe441e0000 - 0x00007ffe441f9000 	c:\Users\prabh\.vscode\extensions\redhat.java-1.22.1-win32-x64\jre\17.0.8.1-win32-x86_64\bin\VCRUNTIME140.dll
0x00007ffe61560000 - 0x00007ffe6170a000 	C:\WINDOWS\System32\USER32.dll
0x00007ffe53240000 - 0x00007ffe534cf000 	C:\WINDOWS\WinSxS\amd64_microsoft.windows.common-controls_6595b64144ccf1df_6.0.22621.2070_none_2713e6537381f706\COMCTL32.dll
0x00007ffe60b00000 - 0x00007ffe60b26000 	C:\WINDOWS\System32\win32u.dll
0x00007ffe62f70000 - 0x00007ffe63017000 	C:\WINDOWS\System32\msvcrt.dll
0x00007ffe620f0000 - 0x00007ffe62119000 	C:\WINDOWS\System32\GDI32.dll
0x00007ffe610c0000 - 0x00007ffe611d9000 	C:\WINDOWS\System32\gdi32full.dll
0x00007ffe61250000 - 0x00007ffe612ea000 	C:\WINDOWS\System32\msvcp_win.dll
0x00007ffe626f0000 - 0x00007ffe62721000 	C:\WINDOWS\System32\IMM32.DLL
0x00007ffe5baf0000 - 0x00007ffe5bafc000 	c:\Users\prabh\.vscode\extensions\redhat.java-1.22.1-win32-x64\jre\17.0.8.1-win32-x86_64\bin\vcruntime140_1.dll
0x00007ffe2bf30000 - 0x00007ffe2bfc1000 	c:\Users\prabh\.vscode\extensions\redhat.java-1.22.1-win32-x64\jre\17.0.8.1-win32-x86_64\bin\msvcp140.dll
0x00007ffde0ba0000 - 0x00007ffde17ec000 	c:\Users\prabh\.vscode\extensions\redhat.java-1.22.1-win32-x64\jre\17.0.8.1-win32-x86_64\bin\server\jvm.dll
0x00007ffe63020000 - 0x00007ffe630d0000 	C:\WINDOWS\System32\ADVAPI32.dll
0x00007ffe63460000 - 0x00007ffe63506000 	C:\WINDOWS\System32\sechost.dll
0x00007ffe61fd0000 - 0x00007ffe620e7000 	C:\WINDOWS\System32\RPCRT4.dll
0x00007ffe591f0000 - 0x00007ffe59224000 	C:\WINDOWS\SYSTEM32\WINMM.dll
0x00007ffe5ff60000 - 0x00007ffe5ffad000 	C:\WINDOWS\SYSTEM32\POWRPROF.dll
0x00007ffe59d70000 - 0x00007ffe59d7a000 	C:\WINDOWS\SYSTEM32\VERSION.dll
0x00007ffe4f620000 - 0x00007ffe4f629000 	C:\WINDOWS\SYSTEM32\WSOCK32.dll
0x00007ffe62670000 - 0x00007ffe626e1000 	C:\WINDOWS\System32\WS2_32.dll
0x00007ffe5feb0000 - 0x00007ffe5fec3000 	C:\WINDOWS\SYSTEM32\UMPDC.dll
0x00007ffe5f950000 - 0x00007ffe5f968000 	C:\WINDOWS\SYSTEM32\kernel.appcore.dll
0x00007ffe5b140000 - 0x00007ffe5b14a000 	c:\Users\prabh\.vscode\extensions\redhat.java-1.22.1-win32-x64\jre\17.0.8.1-win32-x86_64\bin\jimage.dll
0x00007ffe5e590000 - 0x00007ffe5e7be000 	C:\WINDOWS\SYSTEM32\DBGHELP.DLL
0x00007ffe630d0000 - 0x00007ffe6345a000 	C:\WINDOWS\System32\combase.dll
0x00007ffe61470000 - 0x00007ffe61547000 	C:\WINDOWS\System32\OLEAUT32.dll
0x00007ffe5ba30000 - 0x00007ffe5ba62000 	C:\WINDOWS\SYSTEM32\dbgcore.DLL
0x00007ffe612f0000 - 0x00007ffe6136a000 	C:\WINDOWS\System32\bcryptPrimitives.dll
0x00007ffe56f20000 - 0x00007ffe56f2e000 	c:\Users\prabh\.vscode\extensions\redhat.java-1.22.1-win32-x64\jre\17.0.8.1-win32-x86_64\bin\instrument.dll
0x00007ffe34230000 - 0x00007ffe34255000 	c:\Users\prabh\.vscode\extensions\redhat.java-1.22.1-win32-x64\jre\17.0.8.1-win32-x86_64\bin\java.dll
0x00007ffe39680000 - 0x00007ffe39698000 	c:\Users\prabh\.vscode\extensions\redhat.java-1.22.1-win32-x64\jre\17.0.8.1-win32-x86_64\bin\zip.dll
0x00007ffe62730000 - 0x00007ffe62f46000 	C:\WINDOWS\System32\SHELL32.dll
0x00007ffe5e910000 - 0x00007ffe5f1fa000 	C:\WINDOWS\SYSTEM32\windows.storage.dll
0x00007ffe5e7d0000 - 0x00007ffe5e90e000 	C:\WINDOWS\SYSTEM32\wintypes.dll
0x00007ffe61370000 - 0x00007ffe61463000 	C:\WINDOWS\System32\SHCORE.dll
0x00007ffe63510000 - 0x00007ffe6356e000 	C:\WINDOWS\System32\shlwapi.dll
0x00007ffe608c0000 - 0x00007ffe608e6000 	C:\WINDOWS\SYSTEM32\profapi.dll
0x00007ffe38470000 - 0x00007ffe38489000 	C:\Users\prabh\.vscode\extensions\redhat.java-1.22.1-win32-x64\jre\17.0.8.1-win32-x86_64\bin\net.dll
0x00007ffe59f80000 - 0x00007ffe5a0b7000 	C:\WINDOWS\SYSTEM32\WINHTTP.dll
0x00007ffe5fef0000 - 0x00007ffe5ff59000 	C:\WINDOWS\system32\mswsock.dll
0x00007ffe35a80000 - 0x00007ffe35a95000 	C:\Users\prabh\.vscode\extensions\redhat.java-1.22.1-win32-x64\jre\17.0.8.1-win32-x86_64\bin\nio.dll
0x00007ffe4f6a0000 - 0x00007ffe4f6b0000 	c:\Users\prabh\.vscode\extensions\redhat.java-1.22.1-win32-x64\jre\17.0.8.1-win32-x86_64\bin\verify.dll
0x00007ffe2e0b0000 - 0x00007ffe2e0ee000 	C:\Users\prabh\AppData\Roaming\Code\User\globalStorage\redhat.java\1.22.1\config_win\org.eclipse.equinox.launcher\org.eclipse.equinox.launcher.win32.win32.x86_64_1.2.700.v20221108-1024\eclipse_11801.dll
0x00007ffe62240000 - 0x00007ffe623dc000 	C:\WINDOWS\System32\ole32.dll

dbghelp: loaded successfully - version: 4.0.5 - missing functions: none
symbol engine: initialized successfully - sym options: 0x614 - pdb path: .;c:\Users\prabh\.vscode\extensions\redhat.java-1.22.1-win32-x64\jre\17.0.8.1-win32-x86_64\bin;C:\WINDOWS\SYSTEM32;C:\WINDOWS\WinSxS\amd64_microsoft.windows.common-controls_6595b64144ccf1df_6.0.22621.2070_none_2713e6537381f706;c:\Users\prabh\.vscode\extensions\redhat.java-1.22.1-win32-x64\jre\17.0.8.1-win32-x86_64\bin\server;C:\Users\prabh\AppData\Roaming\Code\User\globalStorage\redhat.java\1.22.1\config_win\org.eclipse.equinox.launcher\org.eclipse.equinox.launcher.win32.win32.x86_64_1.2.700.v20221108-1024

VM Arguments:
jvm_args: --add-modules=ALL-SYSTEM --add-opens=java.base/java.util=ALL-UNNAMED --add-opens=java.base/java.lang=ALL-UNNAMED --add-opens=java.base/sun.nio.fs=ALL-UNNAMED -Declipse.application=org.eclipse.jdt.ls.core.id1 -Dosgi.bundles.defaultStartLevel=4 -Declipse.product=org.eclipse.jdt.ls.core.product -Djava.import.generatesMetadataFilesAtProjectRoot=false -Dfile.encoding=utf8 -XX:+UseParallelGC -XX:GCTimeRatio=4 -XX:AdaptiveSizePolicyWeight=90 -Dsun.zip.disableMemoryMapping=true -Xmx1G -Xms100m -Xlog:disable -javaagent:c:\Users\prabh\.vscode\extensions\redhat.java-1.22.1-win32-x64\lombok\lombok-1.18.28.jar -XX:+HeapDumpOnOutOfMemoryError -XX:HeapDumpPath=c:\Users\prabh\AppData\Roaming\Code\User\workspaceStorage\260b694d591be46f2fb4096f282b6f32\redhat.java -Daether.dependencyCollector.impl=bf 
java_command: c:\Users\prabh\.vscode\extensions\redhat.java-1.22.1-win32-x64\server\plugins\org.eclipse.equinox.launcher_1.6.500.v20230717-2134.jar -configuration c:\Users\prabh\AppData\Roaming\Code\User\globalStorage\redhat.java\1.22.1\config_win -data c:\Users\prabh\AppData\Roaming\Code\User\workspaceStorage\260b694d591be46f2fb4096f282b6f32\redhat.java\jdt_ws
java_class_path (initial): c:\Users\prabh\.vscode\extensions\redhat.java-1.22.1-win32-x64\server\plugins\org.eclipse.equinox.launcher_1.6.500.v20230717-2134.jar
Launcher Type: SUN_STANDARD

[Global flags]
    uintx AdaptiveSizePolicyWeight                 = 90                                        {product} {command line}
     intx CICompilerCount                          = 4                                         {product} {ergonomic}
    uintx GCTimeRatio                              = 4                                         {product} {command line}
     bool HeapDumpOnOutOfMemoryError               = true                                   {manageable} {command line}
    ccstr HeapDumpPath                             = c:\Users\prabh\AppData\Roaming\Code\User\workspaceStorage\260b694d591be46f2fb4096f282b6f32\redhat.java         {manageable} {command line}
   size_t InitialHeapSize                          = 104857600                                 {product} {command line}
   size_t MaxHeapSize                              = 1073741824                                {product} {command line}
   size_t MaxNewSize                               = 357564416                                 {product} {ergonomic}
   size_t MinHeapDeltaBytes                        = 524288                                    {product} {ergonomic}
   size_t MinHeapSize                              = 104857600                                 {product} {command line}
   size_t NewSize                                  = 34603008                                  {product} {ergonomic}
    uintx NonNMethodCodeHeapSize                   = 5839372                                {pd product} {ergonomic}
    uintx NonProfiledCodeHeapSize                  = 122909434                              {pd product} {ergonomic}
   size_t OldSize                                  = 70254592                                  {product} {ergonomic}
    uintx ProfiledCodeHeapSize                     = 122909434                              {pd product} {ergonomic}
    uintx ReservedCodeCacheSize                    = 251658240                              {pd product} {ergonomic}
     bool SegmentedCodeCache                       = true                                      {product} {ergonomic}
   size_t SoftMaxHeapSize                          = 1073741824                             {manageable} {ergonomic}
     bool UseCompressedClassPointers               = true                           {product lp64_product} {ergonomic}
     bool UseCompressedOops                        = true                           {product lp64_product} {ergonomic}
     bool UseLargePagesIndividualAllocation        = false                                  {pd product} {ergonomic}
     bool UseParallelGC                            = true                                      {product} {command line}

Logging:
Log output configuration:
 #0: stdout all=off uptime,level,tags
 #1: stderr all=off uptime,level,tags

Environment Variables:
JAVA_HOME=C:\Program Files\Java\jdk-15.0.1
PATH=C:\Program Files\Python310\Scripts\;C:\Program Files\Python310\;C:\Program Files\Common Files\Oracle\Java\javapath;C:\Windows\system32;C:\Windows;C:\Windows\System32\Wbem;C:\Windows\System32\WindowsPowerShell\v1.0\;C:\Windows\System32\OpenSSH\;C:\Program Files (x86)\NVIDIA Corporation\PhysX\Common;C:\Program Files\NVIDIA Corporation\NVIDIA NvDLISR;C:\Program Files\Java\jdk-15.0.1\bin;C:\WINDOWS\system32;C:\WINDOWS;C:\WINDOWS\System32\Wbem;C:\WINDOWS\System32\WindowsPowerShell\v1.0\;C:\WINDOWS\System32\OpenSSH\;C:\Users\prabh\projects\;C:\ProgramData\chocolatey\bin;C:\Program Files\Git\cmd;C:\Program Files\Git\bin;C:\Program Files\MySQL\MySQL Server 8.0\bin;C:\Program Files\Java\jdk-20\bin;C:\Program Files\MongoDB\mongosh-1.10.5-win32-x64\bin;C:\Program Files\Docker\Docker\resources\bin;C:\Program Files\MongoDB\Server\7.0\bin;C:\Program Files\MySQL\MySQL Shell 8.0\bin\;C:\Users\prabh\AppData\Local\Microsoft\WindowsApps;C:\Program Files\JetBrains\IntelliJ IDEA Community Edition 2023.2\bin;C:\Program Files (x86)\mingw-w64\i686-8.1.0-posix-dwarf-rt_v6-rev0\mingw32\bin;C:\Users\prabh\AppData\Roaming\npm;C:\Users\prabh\AppData\Local\Programs\Microsoft VS Code\bin;C:\Users\prabh\AppData\Roaming\npm;C:\Program Files\MySQL\MySQL Shell 8.0\bin\;C:\Users\prabh\AppData\Local\Microsoft\WindowsApps;C:\Program Files\JetBrains\IntelliJ IDEA Community Edition 2023.2\bin;;C:\Program Files (x86)\mingw-w64\i686-8.1.0-posix-dwarf-rt_v6-rev0\mingw32\bin;C:\Program Files\Python310;C:\Program Files\Python310\Scripts;C:\Users\prabh\AppData\Roaming\npm;C:\Users\prabh\AppData\Local\Programs\Microsoft VS Code\bin
USERNAME=prabh
OS=Windows_NT
PROCESSOR_IDENTIFIER=AMD64 Family 23 Model 24 Stepping 1, AuthenticAMD
TMP=C:\Users\prabh\AppData\Local\Temp
TEMP=C:\Users\prabh\AppData\Local\Temp



---------------  S Y S T E M  ---------------

OS:
 Windows 11 , 64 bit Build 22621 (10.0.22621.2070)
OS uptime: 10 days 1:57 hours
Hyper-V role detected

CPU: total 8 (initial active 8) (8 cores per cpu, 2 threads per core) family 23 model 24 stepping 1 microcode 0x0, cx8, cmov, fxsr, ht, mmx, 3dnowpref, sse, sse2, sse3, ssse3, sse4a, sse4.1, sse4.2, popcnt, lzcnt, tsc, tscinvbit, avx, avx2, aes, clmul, bmi1, bmi2, adx, sha, fma, vzeroupper, clflush, clflushopt, hv
Processor Information for all 8 processors :
  Max Mhz: 2100, Current Mhz: 2100, Mhz Limit: 2100

Memory: 4k page, system-wide physical 6081M (683M free)
TotalPageFile size 24513M (AvailPageFile size 6M)
current process WorkingSet (physical memory assigned to process): 112M, peak: 112M
current process commit charge ("private bytes"): 219M, peak: 220M

vm_info: OpenJDK 64-Bit Server VM (17.0.8.1+1) for windows-amd64 JRE (17.0.8.1+1), built on Aug 23 2023 15:29:17 by "admin" with MS VC++ 16.7 (VS2019)

END.
